  [1m[36m (137.9ms)[0m  [1mCREATE TABLE "schema_migrations" ("version" varchar(255) NOT NULL) [0m
  [1m[35m (99.4ms)[0m  CREATE UNIQUE INDEX "unique_schema_migrations" ON "schema_migrations" ("version")
  [1m[36mActiveRecord::SchemaMigration Load (0.3ms)[0m  [1mSELECT "schema_migrations".* FROM "schema_migrations"[0m
Migrating to CreateEvents (20100317062400)
  [1m[35m (0.1ms)[0m  begin transaction
  [1m[36m (1.1ms)[0m  [1mCREATE TABLE "events" ("id" INTEGER PRIMARY KEY AUTOINCREMENT NOT NULL, "title" varchar(255), "url" varchar(255), "starttime" datetime, "endtime" datetime, "all_day" boolean DEFAULT 'f', "created_at" datetime, "updated_at" datetime) [0m
  [1m[35mSQL (0.4ms)[0m  INSERT INTO "schema_migrations" ("version") VALUES (?)  [["version", "20100317062400"]]
  [1m[36m (144.2ms)[0m  [1mcommit transaction[0m
Migrating to AddDescriptionToEvent (20100319102122)
  [1m[35m (0.1ms)[0m  begin transaction
  [1m[36m (0.3ms)[0m  [1mALTER TABLE "events" ADD "description" text[0m
  [1m[35mSQL (0.2ms)[0m  INSERT INTO "schema_migrations" ("version") VALUES (?)  [["version", "20100319102122"]]
  [1m[36m (122.5ms)[0m  [1mcommit transaction[0m
Migrating to RemoveUrlFromEvent (20100319102139)
  [1m[35m (0.1ms)[0m  begin transaction
  [1m[36m (0.3ms)[0m  [1mCREATE TEMPORARY TABLE "aevents" ("id" INTEGER PRIMARY KEY AUTOINCREMENT NOT NULL, "title" varchar(255), "url" varchar(255), "starttime" datetime, "endtime" datetime, "all_day" boolean DEFAULT 'f', "created_at" datetime, "updated_at" datetime, "description" text) [0m
  [1m[35m (0.1ms)[0m  SELECT * FROM "events"
  [1m[36m (0.2ms)[0m  [1mDROP TABLE "events"[0m
  [1m[35m (0.1ms)[0m  CREATE TABLE "events" ("id" INTEGER PRIMARY KEY AUTOINCREMENT NOT NULL, "title" varchar(255), "starttime" datetime, "endtime" datetime, "all_day" boolean DEFAULT 'f', "created_at" datetime, "updated_at" datetime, "description" text) 
  [1m[36m (0.1ms)[0m  [1mSELECT * FROM "aevents"[0m
  [1m[35m (0.1ms)[0m  DROP TABLE "aevents"
  [1m[36mSQL (0.2ms)[0m  [1mINSERT INTO "schema_migrations" ("version") VALUES (?)[0m  [["version", "20100319102139"]]
  [1m[35m (162.1ms)[0m  commit transaction
Migrating to CreateEventSeries (20100330111648)
  [1m[36m (0.1ms)[0m  [1mbegin transaction[0m
  [1m[35m (0.6ms)[0m  CREATE TABLE "event_series" ("id" INTEGER PRIMARY KEY AUTOINCREMENT NOT NULL, "frequency" integer DEFAULT 1, "period" varchar(255) DEFAULT 'monthly', "starttime" datetime, "endtime" datetime, "all_day" boolean DEFAULT 'f', "created_at" datetime, "updated_at" datetime) 
  [1m[36mSQL (0.3ms)[0m  [1mINSERT INTO "schema_migrations" ("version") VALUES (?)[0m  [["version", "20100330111648"]]
  [1m[35m (163.2ms)[0m  commit transaction
Migrating to AddEventSeriesToEvent (20100330111833)
  [1m[36m (0.1ms)[0m  [1mbegin transaction[0m
  [1m[35m (0.3ms)[0m  ALTER TABLE "events" ADD "event_series_id" integer
  [1m[36m (0.1ms)[0m  [1mCREATE INDEX "index_events_on_event_series_id" ON "events" ("event_series_id")[0m
  [1m[35mSQL (0.3ms)[0m  INSERT INTO "schema_migrations" ("version") VALUES (?)  [["version", "20100330111833"]]
  [1m[36m (130.8ms)[0m  [1mcommit transaction[0m
  [1m[35mActiveRecord::SchemaMigration Load (0.1ms)[0m  SELECT "schema_migrations".* FROM "schema_migrations"


Started GET "/" for 127.0.0.1 at 2015-03-06 12:45:10 -0300
  [1m[36mActiveRecord::SchemaMigration Load (0.1ms)[0m  [1mSELECT "schema_migrations".* FROM "schema_migrations"[0m
Processing by EventsController#index as HTML
  Rendered events/index.html.erb within layouts/application (1.6ms)
Completed 200 OK in 713ms (Views: 704.4ms | ActiveRecord: 0.0ms)


Started GET "/assets/gcal.js?body=1" for 127.0.0.1 at 2015-03-06 12:45:11 -0300


Started GET "/assets/fullcalendar.js?body=1" for 127.0.0.1 at 2015-03-06 12:45:11 -0300


Started GET "/assets/jquery-ui-1.10.3.custom.min.js?body=1" for 127.0.0.1 at 2015-03-06 12:45:11 -0300


Started GET "/assets/turbolinks.js?body=1" for 127.0.0.1 at 2015-03-06 12:45:11 -0300


Started GET "/assets/application.css?body=1" for 127.0.0.1 at 2015-03-06 12:45:11 -0300


Started GET "/assets/application.js?body=1" for 127.0.0.1 at 2015-03-06 12:45:11 -0300


Started GET "/assets/fullcalendar.css?body=1" for 127.0.0.1 at 2015-03-06 12:45:11 -0300


Started GET "/assets/jquery-ui-1.10.3.custom.css?body=1" for 127.0.0.1 at 2015-03-06 12:45:11 -0300


Started GET "/assets/style.css?body=1" for 127.0.0.1 at 2015-03-06 12:45:11 -0300


Started GET "/events/get_events?start=1425178800&end=1425783600&_=1425656711705" for 127.0.0.1 at 2015-03-06 12:45:11 -0300
Processing by EventsController#get_events as JSON
  Parameters: {"start"=>"1425178800", "end"=>"1425783600", "_"=>"1425656711705"}
DEPRECATION WARNING: Calling #find(:all) is deprecated. Please call #all directly instead. You have also used finder options. These are also deprecated. Please build a scope instead of using finder options. (called from get_events at /home/t-virus/vagrant/rails_projects/fullcalendar_rails/app/controllers/events_controller.rb:28)
DEPRECATION WARNING: Relation#all is deprecated. If you want to eager-load a relation, you can call #load (e.g. `Post.where(published: true).load`). If you want to get an array of records from a relation, you can call #to_a (e.g. `Post.where(published: true).to_a`). (called from get_events at /home/t-virus/vagrant/rails_projects/fullcalendar_rails/app/controllers/events_controller.rb:28)
  [1m[35mEvent Load (0.2ms)[0m  SELECT "events".* FROM "events" WHERE (starttime >= '2015-03-01 00:00:00' and endtime <= '2015-03-08 00:00:00')
  Rendered text template (0.0ms)
Completed 200 OK in 32ms (Views: 25.2ms | ActiveRecord: 0.2ms)


Started GET "/events/new" for 127.0.0.1 at 2015-03-06 12:45:17 -0300
Processing by EventsController#new as */*
  Rendered events/_form.html.erb (75.1ms)
Completed 200 OK in 93ms (Views: 2.2ms | ActiveRecord: 0.6ms)


Started GET "/assets/images/ui-bg_highlight-soft_100_eeeeee_1x100.png" for 127.0.0.1 at 2015-03-06 12:45:17 -0300


Started GET "/assets/images/ui-icons_222222_256x240.png" for 127.0.0.1 at 2015-03-06 12:45:17 -0300


Started GET "/assets/images/ui-bg_gloss-wave_35_f6a828_500x100.png" for 127.0.0.1 at 2015-03-06 12:45:17 -0300


Started GET "/assets/images/ui-icons_ef8c08_256x240.png" for 127.0.0.1 at 2015-03-06 12:45:17 -0300


Started GET "/assets/images/ui-bg_glass_100_f6f6f6_1x400.png" for 127.0.0.1 at 2015-03-06 12:45:17 -0300


Started GET "/assets/images/ui-bg_diagonals-thick_20_666666_40x40.png" for 127.0.0.1 at 2015-03-06 12:45:17 -0300


Started GET "/assets/images/ui-bg_glass_100_fdf5ce_1x400.png" for 127.0.0.1 at 2015-03-06 12:45:18 -0300


Started GET "/assets/images/ui-bg_glass_65_ffffff_1x400.png" for 127.0.0.1 at 2015-03-06 12:45:19 -0300


Started GET "/events/get_events?start=1425178800&end=1428807600&_=1425656711706" for 127.0.0.1 at 2015-03-06 12:45:28 -0300
Processing by EventsController#get_events as JSON
  Parameters: {"start"=>"1425178800", "end"=>"1428807600", "_"=>"1425656711706"}
DEPRECATION WARNING: Calling #find(:all) is deprecated. Please call #all directly instead. You have also used finder options. These are also deprecated. Please build a scope instead of using finder options. (called from get_events at /home/t-virus/vagrant/rails_projects/fullcalendar_rails/app/controllers/events_controller.rb:28)
DEPRECATION WARNING: Relation#all is deprecated. If you want to eager-load a relation, you can call #load (e.g. `Post.where(published: true).load`). If you want to get an array of records from a relation, you can call #to_a (e.g. `Post.where(published: true).to_a`). (called from get_events at /home/t-virus/vagrant/rails_projects/fullcalendar_rails/app/controllers/events_controller.rb:28)
  [1m[36mEvent Load (0.2ms)[0m  [1mSELECT "events".* FROM "events" WHERE (starttime >= '2015-03-01 00:00:00' and endtime <= '2015-04-12 00:00:00')[0m
  Rendered text template (0.0ms)
Completed 200 OK in 3ms (Views: 0.6ms | ActiveRecord: 0.2ms)


Started GET "/events/new" for 127.0.0.1 at 2015-03-06 12:45:30 -0300
Processing by EventsController#new as */*
  Rendered events/_form.html.erb (13.2ms)
Completed 200 OK in 19ms (Views: 2.0ms | ActiveRecord: 0.0ms)


Started POST "/events" for 127.0.0.1 at 2015-03-06 12:45:46 -0300
Processing by EventsController#create as */*
  Parameters: {"utf8"=>"✓", "authenticity_token"=>"f1SK8fAByEr2nYuxWyaulYjgSwZqgAmqBCyAK8aFUTU=", "event"=>{"title"=>"Reunião da Bancada", "description"=>"plenario 13", "starttime(1i)"=>"2015", "starttime(2i)"=>"3", "starttime(3i)"=>"6", "starttime(4i)"=>"15", "starttime(5i)"=>"45", "endtime(1i)"=>"2015", "endtime(2i)"=>"3", "endtime(3i)"=>"6", "endtime(4i)"=>"16", "endtime(5i)"=>"45", "all_day"=>"0", "period"=>"Does not repeat", "frequency"=>"1", "id"=>""}}
Unpermitted parameters: id
  [1m[35m (0.1ms)[0m  begin transaction
  [1m[36mSQL (1.9ms)[0m  [1mINSERT INTO "events" ("created_at", "description", "endtime", "starttime", "title", "updated_at") VALUES (?, ?, ?, ?, ?, ?)[0m  [["created_at", Fri, 06 Mar 2015 15:45:46 UTC +00:00], ["description", "plenario 13"], ["endtime", Fri, 06 Mar 2015 16:45:00 UTC +00:00], ["starttime", Fri, 06 Mar 2015 15:45:00 UTC +00:00], ["title", "Reunião da Bancada"], ["updated_at", Fri, 06 Mar 2015 15:45:46 UTC +00:00]]
  [1m[35m (142.1ms)[0m  commit transaction
  Rendered text template (0.0ms)
Completed 200 OK in 148ms (Views: 0.3ms | ActiveRecord: 144.1ms)


Started GET "/events/get_events?start=1425178800&end=1428807600&_=1425656711707" for 127.0.0.1 at 2015-03-06 12:45:47 -0300
Processing by EventsController#get_events as JSON
  Parameters: {"start"=>"1425178800", "end"=>"1428807600", "_"=>"1425656711707"}
DEPRECATION WARNING: Calling #find(:all) is deprecated. Please call #all directly instead. You have also used finder options. These are also deprecated. Please build a scope instead of using finder options. (called from get_events at /home/t-virus/vagrant/rails_projects/fullcalendar_rails/app/controllers/events_controller.rb:28)
DEPRECATION WARNING: Relation#all is deprecated. If you want to eager-load a relation, you can call #load (e.g. `Post.where(published: true).load`). If you want to get an array of records from a relation, you can call #to_a (e.g. `Post.where(published: true).to_a`). (called from get_events at /home/t-virus/vagrant/rails_projects/fullcalendar_rails/app/controllers/events_controller.rb:28)
  [1m[36mEvent Load (0.2ms)[0m  [1mSELECT "events".* FROM "events" WHERE (starttime >= '2015-03-01 00:00:00' and endtime <= '2015-04-12 00:00:00')[0m
  Rendered text template (0.0ms)
Completed 200 OK in 3ms (Views: 0.3ms | ActiveRecord: 0.2ms)


Started POST "/events/move" for 127.0.0.1 at 2015-03-06 12:45:54 -0300
Processing by EventsController#move as JS
  Parameters: {"id"=>"1", "title"=>"Reunião da Bancada", "day_delta"=>"-1", "minute_delta"=>"0", "all_day"=>"false", "authenticity_token"=>"f1SK8fAByEr2nYuxWyaulYjgSwZqgAmqBCyAK8aFUTU="}
  [1m[35mEvent Load (0.2ms)[0m  SELECT "events".* FROM "events" WHERE "events"."id" = 1 LIMIT 1
  [1m[36m (0.1ms)[0m  [1mbegin transaction[0m
  [1m[35mSQL (0.6ms)[0m  UPDATE "events" SET "starttime" = ?, "endtime" = ?, "updated_at" = ? WHERE "events"."id" = 1  [["starttime", Thu, 05 Mar 2015 15:45:00 UTC +00:00], ["endtime", Thu, 05 Mar 2015 16:45:00 UTC +00:00], ["updated_at", Fri, 06 Mar 2015 15:45:54 UTC +00:00]]
  [1m[36m (157.4ms)[0m  [1mcommit transaction[0m
  Rendered text template (0.0ms)
Completed 200 OK in 166ms (Views: 0.3ms | ActiveRecord: 158.2ms)


Started POST "/events/resize" for 127.0.0.1 at 2015-03-06 12:46:01 -0300
Processing by EventsController#resize as JS
  Parameters: {"id"=>"1", "title"=>"Reunião da Bancada", "day_delta"=>"2", "minute_delta"=>"0", "authenticity_token"=>"f1SK8fAByEr2nYuxWyaulYjgSwZqgAmqBCyAK8aFUTU="}
  [1m[35mEvent Load (0.4ms)[0m  SELECT "events".* FROM "events" WHERE "events"."id" = 1 LIMIT 1
  [1m[36m (0.2ms)[0m  [1mbegin transaction[0m
  [1m[35mSQL (0.7ms)[0m  UPDATE "events" SET "endtime" = ?, "updated_at" = ? WHERE "events"."id" = 1  [["endtime", Sat, 07 Mar 2015 16:45:00 UTC +00:00], ["updated_at", Fri, 06 Mar 2015 15:46:01 UTC +00:00]]
  [1m[36m (284.9ms)[0m  [1mcommit transaction[0m
  Rendered text template (0.0ms)
Completed 200 OK in 292ms (Views: 0.4ms | ActiveRecord: 286.1ms)


Started DELETE "/events/1" for 127.0.0.1 at 2015-03-06 12:48:04 -0300
Processing by EventsController#destroy as JS
  Parameters: {"authenticity_token"=>"f1SK8fAByEr2nYuxWyaulYjgSwZqgAmqBCyAK8aFUTU=", "delete_all"=>"false", "id"=>"1"}
  [1m[35mEvent Load (0.2ms)[0m  SELECT "events".* FROM "events" WHERE "events"."id" = 1 LIMIT 1
  [1m[36m (0.0ms)[0m  [1mbegin transaction[0m
  [1m[35mSQL (0.3ms)[0m  DELETE FROM "events" WHERE "events"."id" = ?  [["id", 1]]
  [1m[36m (147.0ms)[0m  [1mcommit transaction[0m
  Rendered text template (0.0ms)
Completed 200 OK in 150ms (Views: 0.3ms | ActiveRecord: 147.5ms)


Started GET "/events/get_events?start=1425178800&end=1428807600&_=1425656711708" for 127.0.0.1 at 2015-03-06 12:48:04 -0300
Processing by EventsController#get_events as JSON
  Parameters: {"start"=>"1425178800", "end"=>"1428807600", "_"=>"1425656711708"}
DEPRECATION WARNING: Calling #find(:all) is deprecated. Please call #all directly instead. You have also used finder options. These are also deprecated. Please build a scope instead of using finder options. (called from get_events at /home/t-virus/vagrant/rails_projects/fullcalendar_rails/app/controllers/events_controller.rb:28)
DEPRECATION WARNING: Relation#all is deprecated. If you want to eager-load a relation, you can call #load (e.g. `Post.where(published: true).load`). If you want to get an array of records from a relation, you can call #to_a (e.g. `Post.where(published: true).to_a`). (called from get_events at /home/t-virus/vagrant/rails_projects/fullcalendar_rails/app/controllers/events_controller.rb:28)
  [1m[35mEvent Load (0.2ms)[0m  SELECT "events".* FROM "events" WHERE (starttime >= '2015-03-01 00:00:00' and endtime <= '2015-04-12 00:00:00')
  Rendered text template (0.0ms)
Completed 200 OK in 3ms (Views: 0.4ms | ActiveRecord: 0.2ms)


Started GET "/" for 127.0.0.1 at 2015-03-06 12:48:55 -0300
Processing by EventsController#index as HTML
  Rendered events/index.html.erb within layouts/application (2.1ms)
Completed 200 OK in 17ms (Views: 15.1ms | ActiveRecord: 0.0ms)


Started GET "/assets/jquery.js?body=1" for 127.0.0.1 at 2015-03-06 12:48:56 -0300


Started GET "/assets/turbolinks.js?body=1" for 127.0.0.1 at 2015-03-06 12:48:56 -0300


Started GET "/assets/jquery_ujs.js?body=1" for 127.0.0.1 at 2015-03-06 12:48:56 -0300


Started GET "/assets/fullcalendar.js?body=1" for 127.0.0.1 at 2015-03-06 12:48:56 -0300


Started GET "/assets/application.css?body=1" for 127.0.0.1 at 2015-03-06 12:48:56 -0300


Started GET "/assets/gcal.js?body=1" for 127.0.0.1 at 2015-03-06 12:48:56 -0300


Started GET "/assets/fullcalendar.css?body=1" for 127.0.0.1 at 2015-03-06 12:48:56 -0300


Started GET "/assets/jquery-ui-1.10.3.custom.min.js?body=1" for 127.0.0.1 at 2015-03-06 12:48:56 -0300


Started GET "/assets/application.js?body=1" for 127.0.0.1 at 2015-03-06 12:48:56 -0300


Started GET "/assets/jquery-ui-1.10.3.custom.css?body=1" for 127.0.0.1 at 2015-03-06 12:48:56 -0300


Started GET "/assets/style.css?body=1" for 127.0.0.1 at 2015-03-06 12:48:56 -0300


Started GET "/events/get_events?start=1425178800&end=1425783600&_=1425656936279" for 127.0.0.1 at 2015-03-06 12:48:56 -0300
Processing by EventsController#get_events as JSON
  Parameters: {"start"=>"1425178800", "end"=>"1425783600", "_"=>"1425656936279"}
DEPRECATION WARNING: Calling #find(:all) is deprecated. Please call #all directly instead. You have also used finder options. These are also deprecated. Please build a scope instead of using finder options. (called from get_events at /home/t-virus/vagrant/rails_projects/fullcalendar_rails/app/controllers/events_controller.rb:28)
DEPRECATION WARNING: Relation#all is deprecated. If you want to eager-load a relation, you can call #load (e.g. `Post.where(published: true).load`). If you want to get an array of records from a relation, you can call #to_a (e.g. `Post.where(published: true).to_a`). (called from get_events at /home/t-virus/vagrant/rails_projects/fullcalendar_rails/app/controllers/events_controller.rb:28)
  [1m[36mEvent Load (0.2ms)[0m  [1mSELECT "events".* FROM "events" WHERE (starttime >= '2015-03-01 00:00:00' and endtime <= '2015-03-08 00:00:00')[0m
  Rendered text template (0.0ms)
Completed 200 OK in 3ms (Views: 0.6ms | ActiveRecord: 0.2ms)


Started GET "/events/new" for 127.0.0.1 at 2015-03-06 12:48:59 -0300
Processing by EventsController#new as */*
  Rendered events/_form.html.erb (13.6ms)
Completed 200 OK in 20ms (Views: 2.2ms | ActiveRecord: 0.0ms)


Started POST "/events" for 127.0.0.1 at 2015-03-06 12:49:11 -0300
Processing by EventsController#create as */*
  Parameters: {"utf8"=>"✓", "authenticity_token"=>"f1SK8fAByEr2nYuxWyaulYjgSwZqgAmqBCyAK8aFUTU=", "event"=>{"title"=>"teste de evento 04", "description"=>"asdsadasdasdsadas", "starttime(1i)"=>"2015", "starttime(2i)"=>"3", "starttime(3i)"=>"6", "starttime(4i)"=>"15", "starttime(5i)"=>"48", "endtime(1i)"=>"2015", "endtime(2i)"=>"3", "endtime(3i)"=>"6", "endtime(4i)"=>"16", "endtime(5i)"=>"48", "all_day"=>"1", "period"=>"Does not repeat", "frequency"=>"1", "id"=>""}}
Unpermitted parameters: id
  [1m[35m (0.2ms)[0m  begin transaction
  [1m[36mSQL (0.5ms)[0m  [1mINSERT INTO "events" ("all_day", "created_at", "description", "endtime", "starttime", "title", "updated_at") VALUES (?, ?, ?, ?, ?, ?, ?)[0m  [["all_day", true], ["created_at", Fri, 06 Mar 2015 15:49:11 UTC +00:00], ["description", "asdsadasdasdsadas"], ["endtime", Fri, 06 Mar 2015 16:48:00 UTC +00:00], ["starttime", Fri, 06 Mar 2015 15:48:00 UTC +00:00], ["title", "teste de evento 04"], ["updated_at", Fri, 06 Mar 2015 15:49:11 UTC +00:00]]
  [1m[35m (168.3ms)[0m  commit transaction
  Rendered text template (0.0ms)
Completed 200 OK in 173ms (Views: 0.3ms | ActiveRecord: 169.0ms)


Started GET "/events/get_events?start=1425178800&end=1425783600&_=1425656936280" for 127.0.0.1 at 2015-03-06 12:49:12 -0300
Processing by EventsController#get_events as JSON
  Parameters: {"start"=>"1425178800", "end"=>"1425783600", "_"=>"1425656936280"}
DEPRECATION WARNING: Calling #find(:all) is deprecated. Please call #all directly instead. You have also used finder options. These are also deprecated. Please build a scope instead of using finder options. (called from get_events at /home/t-virus/vagrant/rails_projects/fullcalendar_rails/app/controllers/events_controller.rb:28)
DEPRECATION WARNING: Relation#all is deprecated. If you want to eager-load a relation, you can call #load (e.g. `Post.where(published: true).load`). If you want to get an array of records from a relation, you can call #to_a (e.g. `Post.where(published: true).to_a`). (called from get_events at /home/t-virus/vagrant/rails_projects/fullcalendar_rails/app/controllers/events_controller.rb:28)
  [1m[36mEvent Load (0.3ms)[0m  [1mSELECT "events".* FROM "events" WHERE (starttime >= '2015-03-01 00:00:00' and endtime <= '2015-03-08 00:00:00')[0m
  Rendered text template (0.0ms)
Completed 200 OK in 3ms (Views: 0.4ms | ActiveRecord: 0.3ms)


Started GET "/events/get_events?start=1425178800&end=1428807600&_=1425656936281" for 127.0.0.1 at 2015-03-06 12:49:16 -0300
Processing by EventsController#get_events as JSON
  Parameters: {"start"=>"1425178800", "end"=>"1428807600", "_"=>"1425656936281"}
DEPRECATION WARNING: Calling #find(:all) is deprecated. Please call #all directly instead. You have also used finder options. These are also deprecated. Please build a scope instead of using finder options. (called from get_events at /home/t-virus/vagrant/rails_projects/fullcalendar_rails/app/controllers/events_controller.rb:28)
DEPRECATION WARNING: Relation#all is deprecated. If you want to eager-load a relation, you can call #load (e.g. `Post.where(published: true).load`). If you want to get an array of records from a relation, you can call #to_a (e.g. `Post.where(published: true).to_a`). (called from get_events at /home/t-virus/vagrant/rails_projects/fullcalendar_rails/app/controllers/events_controller.rb:28)
  [1m[35mEvent Load (0.3ms)[0m  SELECT "events".* FROM "events" WHERE (starttime >= '2015-03-01 00:00:00' and endtime <= '2015-04-12 00:00:00')
  Rendered text template (0.0ms)
Completed 200 OK in 3ms (Views: 0.5ms | ActiveRecord: 0.3ms)


Started GET "/events/get_events?start=1427598000&end=1431226800&_=1425656936282" for 127.0.0.1 at 2015-03-06 12:49:23 -0300
Processing by EventsController#get_events as JSON
  Parameters: {"start"=>"1427598000", "end"=>"1431226800", "_"=>"1425656936282"}
DEPRECATION WARNING: Calling #find(:all) is deprecated. Please call #all directly instead. You have also used finder options. These are also deprecated. Please build a scope instead of using finder options. (called from get_events at /home/t-virus/vagrant/rails_projects/fullcalendar_rails/app/controllers/events_controller.rb:28)
DEPRECATION WARNING: Relation#all is deprecated. If you want to eager-load a relation, you can call #load (e.g. `Post.where(published: true).load`). If you want to get an array of records from a relation, you can call #to_a (e.g. `Post.where(published: true).to_a`). (called from get_events at /home/t-virus/vagrant/rails_projects/fullcalendar_rails/app/controllers/events_controller.rb:28)
  [1m[36mEvent Load (0.2ms)[0m  [1mSELECT "events".* FROM "events" WHERE (starttime >= '2015-03-29 00:00:00' and endtime <= '2015-05-10 00:00:00')[0m
  Rendered text template (0.0ms)
Completed 200 OK in 3ms (Views: 0.5ms | ActiveRecord: 0.2ms)


Started GET "/events/get_events?start=1425178800&end=1428807600&_=1425656936283" for 127.0.0.1 at 2015-03-06 12:49:24 -0300
Processing by EventsController#get_events as JSON
  Parameters: {"start"=>"1425178800", "end"=>"1428807600", "_"=>"1425656936283"}
DEPRECATION WARNING: Calling #find(:all) is deprecated. Please call #all directly instead. You have also used finder options. These are also deprecated. Please build a scope instead of using finder options. (called from get_events at /home/t-virus/vagrant/rails_projects/fullcalendar_rails/app/controllers/events_controller.rb:28)
DEPRECATION WARNING: Relation#all is deprecated. If you want to eager-load a relation, you can call #load (e.g. `Post.where(published: true).load`). If you want to get an array of records from a relation, you can call #to_a (e.g. `Post.where(published: true).to_a`). (called from get_events at /home/t-virus/vagrant/rails_projects/fullcalendar_rails/app/controllers/events_controller.rb:28)
  [1m[35mEvent Load (0.2ms)[0m  SELECT "events".* FROM "events" WHERE (starttime >= '2015-03-01 00:00:00' and endtime <= '2015-04-12 00:00:00')
  Rendered text template (0.0ms)
Completed 200 OK in 2ms (Views: 0.4ms | ActiveRecord: 0.2ms)


Started GET "/events/get_events?start=1427598000&end=1431226800&_=1425656936284" for 127.0.0.1 at 2015-03-06 12:49:25 -0300
Processing by EventsController#get_events as JSON
  Parameters: {"start"=>"1427598000", "end"=>"1431226800", "_"=>"1425656936284"}
DEPRECATION WARNING: Calling #find(:all) is deprecated. Please call #all directly instead. You have also used finder options. These are also deprecated. Please build a scope instead of using finder options. (called from get_events at /home/t-virus/vagrant/rails_projects/fullcalendar_rails/app/controllers/events_controller.rb:28)
DEPRECATION WARNING: Relation#all is deprecated. If you want to eager-load a relation, you can call #load (e.g. `Post.where(published: true).load`). If you want to get an array of records from a relation, you can call #to_a (e.g. `Post.where(published: true).to_a`). (called from get_events at /home/t-virus/vagrant/rails_projects/fullcalendar_rails/app/controllers/events_controller.rb:28)
  [1m[36mEvent Load (0.2ms)[0m  [1mSELECT "events".* FROM "events" WHERE (starttime >= '2015-03-29 00:00:00' and endtime <= '2015-05-10 00:00:00')[0m
  Rendered text template (0.0ms)
Completed 200 OK in 6ms (Views: 0.3ms | ActiveRecord: 0.2ms)


Started GET "/events/get_events?start=1425178800&end=1428807600&_=1425656936285" for 127.0.0.1 at 2015-03-06 12:49:26 -0300
Processing by EventsController#get_events as JSON
  Parameters: {"start"=>"1425178800", "end"=>"1428807600", "_"=>"1425656936285"}
DEPRECATION WARNING: Calling #find(:all) is deprecated. Please call #all directly instead. You have also used finder options. These are also deprecated. Please build a scope instead of using finder options. (called from get_events at /home/t-virus/vagrant/rails_projects/fullcalendar_rails/app/controllers/events_controller.rb:28)
DEPRECATION WARNING: Relation#all is deprecated. If you want to eager-load a relation, you can call #load (e.g. `Post.where(published: true).load`). If you want to get an array of records from a relation, you can call #to_a (e.g. `Post.where(published: true).to_a`). (called from get_events at /home/t-virus/vagrant/rails_projects/fullcalendar_rails/app/controllers/events_controller.rb:28)
  [1m[35mEvent Load (0.2ms)[0m  SELECT "events".* FROM "events" WHERE (starttime >= '2015-03-01 00:00:00' and endtime <= '2015-04-12 00:00:00')
  Rendered text template (0.0ms)
Completed 200 OK in 3ms (Views: 0.5ms | ActiveRecord: 0.2ms)


Started GET "/events/get_events?start=1427598000&end=1431226800&_=1425656936286" for 127.0.0.1 at 2015-03-06 12:49:28 -0300
Processing by EventsController#get_events as JSON
  Parameters: {"start"=>"1427598000", "end"=>"1431226800", "_"=>"1425656936286"}
DEPRECATION WARNING: Calling #find(:all) is deprecated. Please call #all directly instead. You have also used finder options. These are also deprecated. Please build a scope instead of using finder options. (called from get_events at /home/t-virus/vagrant/rails_projects/fullcalendar_rails/app/controllers/events_controller.rb:28)
DEPRECATION WARNING: Relation#all is deprecated. If you want to eager-load a relation, you can call #load (e.g. `Post.where(published: true).load`). If you want to get an array of records from a relation, you can call #to_a (e.g. `Post.where(published: true).to_a`). (called from get_events at /home/t-virus/vagrant/rails_projects/fullcalendar_rails/app/controllers/events_controller.rb:28)
  [1m[36mEvent Load (0.2ms)[0m  [1mSELECT "events".* FROM "events" WHERE (starttime >= '2015-03-29 00:00:00' and endtime <= '2015-05-10 00:00:00')[0m
  Rendered text template (0.0ms)
Completed 200 OK in 2ms (Views: 0.3ms | ActiveRecord: 0.2ms)


Started GET "/events/get_events?start=1425178800&end=1428807600&_=1425656936287" for 127.0.0.1 at 2015-03-06 12:49:28 -0300
Processing by EventsController#get_events as JSON
  Parameters: {"start"=>"1425178800", "end"=>"1428807600", "_"=>"1425656936287"}
DEPRECATION WARNING: Calling #find(:all) is deprecated. Please call #all directly instead. You have also used finder options. These are also deprecated. Please build a scope instead of using finder options. (called from get_events at /home/t-virus/vagrant/rails_projects/fullcalendar_rails/app/controllers/events_controller.rb:28)
DEPRECATION WARNING: Relation#all is deprecated. If you want to eager-load a relation, you can call #load (e.g. `Post.where(published: true).load`). If you want to get an array of records from a relation, you can call #to_a (e.g. `Post.where(published: true).to_a`). (called from get_events at /home/t-virus/vagrant/rails_projects/fullcalendar_rails/app/controllers/events_controller.rb:28)
  [1m[35mEvent Load (0.4ms)[0m  SELECT "events".* FROM "events" WHERE (starttime >= '2015-03-01 00:00:00' and endtime <= '2015-04-12 00:00:00')
  Rendered text template (0.1ms)
Completed 200 OK in 5ms (Views: 0.6ms | ActiveRecord: 0.4ms)


Started GET "/events/2/edit" for 127.0.0.1 at 2015-03-06 12:49:32 -0300
Processing by EventsController#edit as */*
  Parameters: {"id"=>"2"}
  [1m[36mEvent Load (0.1ms)[0m  [1mSELECT "events".* FROM "events" WHERE "events"."id" = 2 LIMIT 1[0m
  Rendered events/_edit_form.html.erb (11.4ms)
Completed 200 OK in 18ms (Views: 1.9ms | ActiveRecord: 0.1ms)


Started PATCH "/events/2" for 127.0.0.1 at 2015-03-06 12:49:46 -0300
Processing by EventsController#update as */*
  Parameters: {"utf8"=>"✓", "authenticity_token"=>"f1SK8fAByEr2nYuxWyaulYjgSwZqgAmqBCyAK8aFUTU=", "event"=>{"title"=>"teste de evento 04", "description"=>"asdsadasdasdsadas", "starttime(1i)"=>"2015", "starttime(2i)"=>"3", "starttime(3i)"=>"6", "starttime(4i)"=>"15", "starttime(5i)"=>"48", "endtime(1i)"=>"2015", "endtime(2i)"=>"3", "endtime(3i)"=>"10", "endtime(4i)"=>"16", "endtime(5i)"=>"48", "all_day"=>"0", "id"=>"2", "commit_button"=>"Update"}, "id"=>"2"}
  [1m[35mEvent Load (0.2ms)[0m  SELECT "events".* FROM "events" WHERE "events"."id" = 2 LIMIT 1
Unpermitted parameters: id
  [1m[36m (0.1ms)[0m  [1mbegin transaction[0m
  [1m[35mSQL (0.4ms)[0m  UPDATE "events" SET "all_day" = ?, "endtime" = ?, "updated_at" = ? WHERE "events"."id" = 2  [["all_day", false], ["endtime", Tue, 10 Mar 2015 16:48:00 UTC +00:00], ["updated_at", Fri, 06 Mar 2015 15:49:46 UTC +00:00]]
  [1m[36m (152.9ms)[0m  [1mcommit transaction[0m
  Rendered text template (0.0ms)
Completed 200 OK in 158ms (Views: 0.4ms | ActiveRecord: 153.5ms)


Started GET "/events/get_events?start=1425178800&end=1428807600&_=1425656936288" for 127.0.0.1 at 2015-03-06 12:49:46 -0300
Processing by EventsController#get_events as JSON
  Parameters: {"start"=>"1425178800", "end"=>"1428807600", "_"=>"1425656936288"}
DEPRECATION WARNING: Calling #find(:all) is deprecated. Please call #all directly instead. You have also used finder options. These are also deprecated. Please build a scope instead of using finder options. (called from get_events at /home/t-virus/vagrant/rails_projects/fullcalendar_rails/app/controllers/events_controller.rb:28)
DEPRECATION WARNING: Relation#all is deprecated. If you want to eager-load a relation, you can call #load (e.g. `Post.where(published: true).load`). If you want to get an array of records from a relation, you can call #to_a (e.g. `Post.where(published: true).to_a`). (called from get_events at /home/t-virus/vagrant/rails_projects/fullcalendar_rails/app/controllers/events_controller.rb:28)
  [1m[35mEvent Load (0.2ms)[0m  SELECT "events".* FROM "events" WHERE (starttime >= '2015-03-01 00:00:00' and endtime <= '2015-04-12 00:00:00')
  Rendered text template (0.0ms)
Completed 200 OK in 2ms (Views: 0.3ms | ActiveRecord: 0.2ms)


Started POST "/events/move" for 127.0.0.1 at 2015-03-06 12:49:53 -0300
Processing by EventsController#move as JS
  Parameters: {"id"=>"2", "title"=>"teste de evento 04", "day_delta"=>"15", "minute_delta"=>"0", "all_day"=>"false", "authenticity_token"=>"f1SK8fAByEr2nYuxWyaulYjgSwZqgAmqBCyAK8aFUTU="}
  [1m[36mEvent Load (0.2ms)[0m  [1mSELECT "events".* FROM "events" WHERE "events"."id" = 2 LIMIT 1[0m
  [1m[35m (0.1ms)[0m  begin transaction
  [1m[36mSQL (0.4ms)[0m  [1mUPDATE "events" SET "starttime" = ?, "endtime" = ?, "updated_at" = ? WHERE "events"."id" = 2[0m  [["starttime", Sat, 21 Mar 2015 15:48:00 UTC +00:00], ["endtime", Wed, 25 Mar 2015 16:48:00 UTC +00:00], ["updated_at", Fri, 06 Mar 2015 15:49:53 UTC +00:00]]
  [1m[35m (182.8ms)[0m  commit transaction
  Rendered text template (0.0ms)
Completed 200 OK in 186ms (Views: 0.3ms | ActiveRecord: 183.4ms)


Started GET "/" for 127.0.0.1 at 2015-03-06 16:02:29 -0300
  [1m[36mActiveRecord::SchemaMigration Load (0.1ms)[0m  [1mSELECT "schema_migrations".* FROM "schema_migrations"[0m
Processing by EventsController#index as HTML
  Rendered events/index.html.erb within layouts/application (6.3ms)
Completed 200 OK in 549ms (Views: 526.7ms | ActiveRecord: 0.0ms)


Started GET "/assets/jquery.js?body=1" for 127.0.0.1 at 2015-03-06 16:02:30 -0300


Started GET "/assets/fullcalendar.js?body=1" for 127.0.0.1 at 2015-03-06 16:02:30 -0300


Started GET "/assets/gcal.js?body=1" for 127.0.0.1 at 2015-03-06 16:02:30 -0300


Started GET "/assets/jquery_ujs.js?body=1" for 127.0.0.1 at 2015-03-06 16:02:30 -0300


Started GET "/assets/turbolinks.js?body=1" for 127.0.0.1 at 2015-03-06 16:02:30 -0300


Started GET "/assets/application.css?body=1" for 127.0.0.1 at 2015-03-06 16:02:30 -0300


Started GET "/assets/jquery-ui-1.10.3.custom.min.js?body=1" for 127.0.0.1 at 2015-03-06 16:02:30 -0300


Started GET "/assets/fullcalendar.css?body=1" for 127.0.0.1 at 2015-03-06 16:02:30 -0300


Started GET "/assets/jquery-ui-1.10.3.custom.css?body=1" for 127.0.0.1 at 2015-03-06 16:02:30 -0300


Started GET "/assets/style.css?body=1" for 127.0.0.1 at 2015-03-06 16:02:30 -0300


Started GET "/assets/application.js?body=1" for 127.0.0.1 at 2015-03-06 16:02:30 -0300


Started GET "/events/get_events?start=1425178800&end=1425783600&_=1425668550796" for 127.0.0.1 at 2015-03-06 16:02:30 -0300
Processing by EventsController#get_events as JSON
  Parameters: {"start"=>"1425178800", "end"=>"1425783600", "_"=>"1425668550796"}
DEPRECATION WARNING: Calling #find(:all) is deprecated. Please call #all directly instead. You have also used finder options. These are also deprecated. Please build a scope instead of using finder options. (called from get_events at /home/t-virus/vagrant/rails_projects/fullcalendar_rails/app/controllers/events_controller.rb:28)
DEPRECATION WARNING: Relation#all is deprecated. If you want to eager-load a relation, you can call #load (e.g. `Post.where(published: true).load`). If you want to get an array of records from a relation, you can call #to_a (e.g. `Post.where(published: true).to_a`). (called from get_events at /home/t-virus/vagrant/rails_projects/fullcalendar_rails/app/controllers/events_controller.rb:28)
  [1m[35mEvent Load (0.4ms)[0m  SELECT "events".* FROM "events" WHERE (starttime >= '2015-03-01 00:00:00' and endtime <= '2015-03-08 00:00:00')
  Rendered text template (0.0ms)
Completed 200 OK in 44ms (Views: 12.9ms | ActiveRecord: 0.4ms)


Started GET "/events/get_events?start=1425178800&end=1428807600&_=1425668550797" for 127.0.0.1 at 2015-03-06 16:02:40 -0300
Processing by EventsController#get_events as JSON
  Parameters: {"start"=>"1425178800", "end"=>"1428807600", "_"=>"1425668550797"}
DEPRECATION WARNING: Calling #find(:all) is deprecated. Please call #all directly instead. You have also used finder options. These are also deprecated. Please build a scope instead of using finder options. (called from get_events at /home/t-virus/vagrant/rails_projects/fullcalendar_rails/app/controllers/events_controller.rb:28)
DEPRECATION WARNING: Relation#all is deprecated. If you want to eager-load a relation, you can call #load (e.g. `Post.where(published: true).load`). If you want to get an array of records from a relation, you can call #to_a (e.g. `Post.where(published: true).to_a`). (called from get_events at /home/t-virus/vagrant/rails_projects/fullcalendar_rails/app/controllers/events_controller.rb:28)
  [1m[36mEvent Load (0.2ms)[0m  [1mSELECT "events".* FROM "events" WHERE (starttime >= '2015-03-01 00:00:00' and endtime <= '2015-04-12 00:00:00')[0m
  Rendered text template (0.0ms)
Completed 200 OK in 62ms (Views: 0.5ms | ActiveRecord: 0.5ms)


Started GET "/" for 127.0.0.1 at 2015-03-09 01:02:21 -0300
  [1m[36mActiveRecord::SchemaMigration Load (0.2ms)[0m  [1mSELECT "schema_migrations".* FROM "schema_migrations"[0m
Processing by EventsController#index as HTML
  Rendered events/index.html.erb within layouts/application (13.8ms)
Completed 200 OK in 403ms (Views: 383.3ms | ActiveRecord: 0.0ms)


Started GET "/assets/jquery.js?body=1" for 127.0.0.1 at 2015-03-09 01:02:22 -0300


Started GET "/assets/jquery_ujs.js?body=1" for 127.0.0.1 at 2015-03-09 01:02:22 -0300


Started GET "/assets/gcal.js?body=1" for 127.0.0.1 at 2015-03-09 01:02:22 -0300


Started GET "/assets/turbolinks.js?body=1" for 127.0.0.1 at 2015-03-09 01:02:22 -0300


Started GET "/assets/jquery-ui-1.10.3.custom.min.js?body=1" for 127.0.0.1 at 2015-03-09 01:02:22 -0300


Started GET "/assets/fullcalendar.js?body=1" for 127.0.0.1 at 2015-03-09 01:02:22 -0300


Started GET "/assets/application.css?body=1" for 127.0.0.1 at 2015-03-09 01:02:22 -0300


Started GET "/assets/fullcalendar.css?body=1" for 127.0.0.1 at 2015-03-09 01:02:22 -0300


Started GET "/assets/jquery-ui-1.10.3.custom.css?body=1" for 127.0.0.1 at 2015-03-09 01:02:22 -0300


Started GET "/assets/style.css?body=1" for 127.0.0.1 at 2015-03-09 01:02:22 -0300


Started GET "/assets/application.js?body=1" for 127.0.0.1 at 2015-03-09 01:02:22 -0300


Started GET "/events/get_events?start=1425783600&end=1426388400&_=1425873742125" for 127.0.0.1 at 2015-03-09 01:02:22 -0300
Processing by EventsController#get_events as JSON
  Parameters: {"start"=>"1425783600", "end"=>"1426388400", "_"=>"1425873742125"}
DEPRECATION WARNING: Calling #find(:all) is deprecated. Please call #all directly instead. You have also used finder options. These are also deprecated. Please build a scope instead of using finder options. (called from get_events at /home/t-virus/vagrant/rails_projects/fullcalendar_rails/app/controllers/events_controller.rb:28)
DEPRECATION WARNING: Relation#all is deprecated. If you want to eager-load a relation, you can call #load (e.g. `Post.where(published: true).load`). If you want to get an array of records from a relation, you can call #to_a (e.g. `Post.where(published: true).to_a`). (called from get_events at /home/t-virus/vagrant/rails_projects/fullcalendar_rails/app/controllers/events_controller.rb:28)
  [1m[35mEvent Load (0.4ms)[0m  SELECT "events".* FROM "events" WHERE (starttime >= '2015-03-08 00:00:00' and endtime <= '2015-03-15 00:00:00')
  Rendered text template (0.1ms)
Completed 200 OK in 43ms (Views: 13.0ms | ActiveRecord: 0.4ms)


Started GET "/events/get_events?start=1425178800&end=1428807600&_=1425873742126" for 127.0.0.1 at 2015-03-09 01:02:29 -0300
Processing by EventsController#get_events as JSON
  Parameters: {"start"=>"1425178800", "end"=>"1428807600", "_"=>"1425873742126"}
DEPRECATION WARNING: Calling #find(:all) is deprecated. Please call #all directly instead. You have also used finder options. These are also deprecated. Please build a scope instead of using finder options. (called from get_events at /home/t-virus/vagrant/rails_projects/fullcalendar_rails/app/controllers/events_controller.rb:28)
DEPRECATION WARNING: Relation#all is deprecated. If you want to eager-load a relation, you can call #load (e.g. `Post.where(published: true).load`). If you want to get an array of records from a relation, you can call #to_a (e.g. `Post.where(published: true).to_a`). (called from get_events at /home/t-virus/vagrant/rails_projects/fullcalendar_rails/app/controllers/events_controller.rb:28)
  [1m[36mEvent Load (0.2ms)[0m  [1mSELECT "events".* FROM "events" WHERE (starttime >= '2015-03-01 00:00:00' and endtime <= '2015-04-12 00:00:00')[0m
  Rendered text template (0.0ms)
Completed 200 OK in 33ms (Views: 0.4ms | ActiveRecord: 0.5ms)


Started GET "/events/new" for 127.0.0.1 at 2015-03-09 01:02:34 -0300
Processing by EventsController#new as */*
  Rendered events/_form.html.erb (73.3ms)
Completed 200 OK in 115ms (Views: 2.0ms | ActiveRecord: 0.0ms)


Started GET "/assets/images/ui-bg_highlight-soft_100_eeeeee_1x100.png" for 127.0.0.1 at 2015-03-09 01:02:34 -0300


Started GET "/assets/images/ui-icons_222222_256x240.png" for 127.0.0.1 at 2015-03-09 01:02:34 -0300


Started GET "/assets/images/ui-bg_gloss-wave_35_f6a828_500x100.png" for 127.0.0.1 at 2015-03-09 01:02:34 -0300


Started GET "/assets/images/ui-icons_ef8c08_256x240.png" for 127.0.0.1 at 2015-03-09 01:02:34 -0300


Started GET "/assets/images/ui-bg_glass_100_f6f6f6_1x400.png" for 127.0.0.1 at 2015-03-09 01:02:34 -0300


Started GET "/assets/images/ui-bg_diagonals-thick_20_666666_40x40.png" for 127.0.0.1 at 2015-03-09 01:02:34 -0300


Started GET "/assets/images/ui-bg_glass_100_fdf5ce_1x400.png" for 127.0.0.1 at 2015-03-09 01:02:36 -0300


Started GET "/assets/images/ui-bg_glass_65_ffffff_1x400.png" for 127.0.0.1 at 2015-03-09 01:02:37 -0300


Started GET "/" for 127.0.0.1 at 2015-03-09 01:24:59 -0300
Processing by EventsController#index as HTML
  Rendered events/index.html.erb within layouts/application (0.3ms)
Completed 200 OK in 8ms (Views: 6.8ms | ActiveRecord: 0.0ms)


Started GET "/assets/jquery.js?body=1" for 127.0.0.1 at 2015-03-09 01:24:59 -0300


Started GET "/assets/fullcalendar.js?body=1" for 127.0.0.1 at 2015-03-09 01:24:59 -0300


Started GET "/assets/gcal.js?body=1" for 127.0.0.1 at 2015-03-09 01:24:59 -0300


Started GET "/assets/jquery_ujs.js?body=1" for 127.0.0.1 at 2015-03-09 01:24:59 -0300


Started GET "/assets/turbolinks.js?body=1" for 127.0.0.1 at 2015-03-09 01:24:59 -0300


Started GET "/assets/application.css?body=1" for 127.0.0.1 at 2015-03-09 01:24:59 -0300


Started GET "/assets/jquery-ui-1.10.3.custom.min.js?body=1" for 127.0.0.1 at 2015-03-09 01:24:59 -0300


Started GET "/assets/jquery-ui-1.10.3.custom.css?body=1" for 127.0.0.1 at 2015-03-09 01:24:59 -0300


Started GET "/assets/fullcalendar.css?body=1" for 127.0.0.1 at 2015-03-09 01:24:59 -0300


Started GET "/assets/application.js?body=1" for 127.0.0.1 at 2015-03-09 01:24:59 -0300


Started GET "/assets/style.css?body=1" for 127.0.0.1 at 2015-03-09 01:24:59 -0300


Started GET "/events/get_events?start=1425783600&end=1426388400&_=1425875099607" for 127.0.0.1 at 2015-03-09 01:24:59 -0300
Processing by EventsController#get_events as JSON
  Parameters: {"start"=>"1425783600", "end"=>"1426388400", "_"=>"1425875099607"}
DEPRECATION WARNING: Calling #find(:all) is deprecated. Please call #all directly instead. You have also used finder options. These are also deprecated. Please build a scope instead of using finder options. (called from get_events at /home/t-virus/vagrant/rails_projects/fullcalendar_rails/app/controllers/events_controller.rb:28)
DEPRECATION WARNING: Relation#all is deprecated. If you want to eager-load a relation, you can call #load (e.g. `Post.where(published: true).load`). If you want to get an array of records from a relation, you can call #to_a (e.g. `Post.where(published: true).to_a`). (called from get_events at /home/t-virus/vagrant/rails_projects/fullcalendar_rails/app/controllers/events_controller.rb:28)
  [1m[35mEvent Load (0.3ms)[0m  SELECT "events".* FROM "events" WHERE (starttime >= '2015-03-08 00:00:00' and endtime <= '2015-03-15 00:00:00')
  Rendered text template (0.0ms)
Completed 200 OK in 3ms (Views: 0.4ms | ActiveRecord: 0.3ms)


Started GET "/events/2/edit" for 127.0.0.1 at 2015-03-09 01:28:12 -0300
Processing by EventsController#edit as */*
  Parameters: {"id"=>"2"}
  [1m[36mEvent Load (0.2ms)[0m  [1mSELECT "events".* FROM "events" WHERE "events"."id" = 2 LIMIT 1[0m
  Rendered events/_edit_form.html.erb (29.5ms)
Completed 200 OK in 76ms (Views: 5.6ms | ActiveRecord: 0.2ms)
