  [1m[36m (140.5ms)[0m  [1mCREATE TABLE "schema_migrations" ("version" varchar(255) NOT NULL) [0m
  [1m[35m (0.2ms)[0m  select sqlite_version(*)
  [1m[36m (99.0ms)[0m  [1mCREATE UNIQUE INDEX "unique_schema_migrations" ON "schema_migrations" ("version")[0m
  [1m[35mActiveRecord::SchemaMigration Load (0.2ms)[0m  SELECT "schema_migrations".* FROM "schema_migrations"
Migrating to CreateProductTypes (20150306033807)
  [1m[36m (0.1ms)[0m  [1mbegin transaction[0m
  [1m[35m (0.6ms)[0m  CREATE TABLE "product_types" ("id" INTEGER PRIMARY KEY AUTOINCREMENT NOT NULL, "name" varchar(255), "created_at" datetime, "updated_at" datetime) 
  [1m[36mSQL (0.3ms)[0m  [1mINSERT INTO "schema_migrations" ("version") VALUES (?)[0m  [["version", "20150306033807"]]
  [1m[35m (111.4ms)[0m  commit transaction
  [1m[36mActiveRecord::SchemaMigration Load (0.2ms)[0m  [1mSELECT "schema_migrations".* FROM "schema_migrations"[0m


Started GET "/" for 127.0.0.1 at 2015-03-06 00:39:15 -0300
  [1m[36mActiveRecord::SchemaMigration Load (0.1ms)[0m  [1mSELECT "schema_migrations".* FROM "schema_migrations"[0m
Processing by Rails::WelcomeController#index as HTML
  Rendered /var/lib/gems/2.1.0/gems/railties-4.1.8/lib/rails/templates/rails/welcome/index.html.erb (1.1ms)
Completed 200 OK in 12ms (Views: 4.5ms | ActiveRecord: 0.0ms)


Started GET "/producttypes/new" for 127.0.0.1 at 2015-03-06 00:39:40 -0300

ActionController::RoutingError (No route matches [GET] "/producttypes/new"):
  actionpack (4.1.8) lib/action_dispatch/middleware/debug_exceptions.rb:21:in `call'
  actionpack (4.1.8) lib/action_dispatch/middleware/show_exceptions.rb:30:in `call'
  railties (4.1.8) lib/rails/rack/logger.rb:38:in `call_app'
  railties (4.1.8) lib/rails/rack/logger.rb:20:in `block in call'
  activesupport (4.1.8) lib/active_support/tagged_logging.rb:68:in `block in tagged'
  activesupport (4.1.8) lib/active_support/tagged_logging.rb:26:in `tagged'
  activesupport (4.1.8) lib/active_support/tagged_logging.rb:68:in `tagged'
  railties (4.1.8) lib/rails/rack/logger.rb:20:in `call'
  actionpack (4.1.8) lib/action_dispatch/middleware/request_id.rb:21:in `call'
  /usr/lib/ruby/vendor_ruby/rack/methodoverride.rb:21:in `call'
  /usr/lib/ruby/vendor_ruby/rack/runtime.rb:17:in `call'
  activesupport (4.1.8) lib/active_support/cache/strategy/local_cache_middleware.rb:26:in `call'
  /usr/lib/ruby/vendor_ruby/rack/lock.rb:17:in `call'
  actionpack (4.1.8) lib/action_dispatch/middleware/static.rb:84:in `call'
  /usr/lib/ruby/vendor_ruby/rack/sendfile.rb:112:in `call'
  railties (4.1.8) lib/rails/engine.rb:514:in `call'
  railties (4.1.8) lib/rails/application.rb:144:in `call'
  /usr/lib/ruby/vendor_ruby/rack/lock.rb:17:in `call'
  /usr/lib/ruby/vendor_ruby/rack/content_length.rb:14:in `call'
  /usr/lib/ruby/vendor_ruby/rack/handler/webrick.rb:60:in `service'
  /usr/lib/ruby/2.1.0/webrick/httpserver.rb:138:in `service'
  /usr/lib/ruby/2.1.0/webrick/httpserver.rb:94:in `run'
  /usr/lib/ruby/2.1.0/webrick/server.rb:295:in `block in start_thread'


  Rendered /var/lib/gems/2.1.0/gems/actionpack-4.1.8/lib/action_dispatch/middleware/templates/rescues/_trace.html.erb (1.0ms)
  Rendered /var/lib/gems/2.1.0/gems/actionpack-4.1.8/lib/action_dispatch/middleware/templates/routes/_route.html.erb (2.3ms)
  Rendered /var/lib/gems/2.1.0/gems/actionpack-4.1.8/lib/action_dispatch/middleware/templates/routes/_table.html.erb (56.9ms)
  Rendered /var/lib/gems/2.1.0/gems/actionpack-4.1.8/lib/action_dispatch/middleware/templates/rescues/routing_error.html.erb within rescues/layout (206.0ms)


Started GET "/product_types/new" for 127.0.0.1 at 2015-03-06 00:39:58 -0300
Processing by ProductTypesController#new as HTML
  Rendered product_types/_form.html.erb (505.9ms)
  Rendered product_types/new.html.erb within layouts/application (507.3ms)
Completed 200 OK in 1248ms (Views: 1243.3ms | ActiveRecord: 0.8ms)


Started GET "/assets/application.css?body=1" for 127.0.0.1 at 2015-03-06 00:40:00 -0300


Started GET "/assets/jquery.js?body=1" for 127.0.0.1 at 2015-03-06 00:40:00 -0300


Started GET "/assets/turbolinks.js?body=1" for 127.0.0.1 at 2015-03-06 00:40:00 -0300


Started GET "/assets/jquery_ujs.js?body=1" for 127.0.0.1 at 2015-03-06 00:40:00 -0300


Started GET "/assets/application.js?body=1" for 127.0.0.1 at 2015-03-06 00:40:00 -0300


Started GET "/assets/product_types.js?body=1" for 127.0.0.1 at 2015-03-06 00:40:00 -0300
  [1m[36mActiveRecord::SchemaMigration Load (0.1ms)[0m  [1mSELECT "schema_migrations".* FROM "schema_migrations"[0m
Migrating to CreateProductFields (20150306034205)
  [1m[35m (0.1ms)[0m  begin transaction
  [1m[36m (0.4ms)[0m  [1mCREATE TABLE "product_fields" ("id" INTEGER PRIMARY KEY AUTOINCREMENT NOT NULL, "name" varchar(255), "field_type" varchar(255), "required" boolean, "product_type_id" integer, "created_at" datetime, "updated_at" datetime) [0m
  [1m[35m (0.1ms)[0m  select sqlite_version(*)
  [1m[36m (0.1ms)[0m  [1mCREATE  INDEX "index_product_fields_on_product_type_id" ON "product_fields" ("product_type_id")[0m
  [1m[35mSQL (0.2ms)[0m  INSERT INTO "schema_migrations" ("version") VALUES (?)  [["version", "20150306034205"]]
  [1m[36m (150.1ms)[0m  [1mcommit transaction[0m
  [1m[35mActiveRecord::SchemaMigration Load (0.3ms)[0m  SELECT "schema_migrations".* FROM "schema_migrations"
  [1m[36m (0.3ms)[0m  [1m            SELECT sql
            FROM sqlite_master
            WHERE name='index_product_fields_on_product_type_id' AND type='index'
            UNION ALL
            SELECT sql
            FROM sqlite_temp_master
            WHERE name='index_product_fields_on_product_type_id' AND type='index'
[0m


Started GET "/product_types/new" for 127.0.0.1 at 2015-03-06 01:12:34 -0300
  [1m[36mActiveRecord::SchemaMigration Load (0.1ms)[0m  [1mSELECT "schema_migrations".* FROM "schema_migrations"[0m

SyntaxError (/home/t-virus/vagrant/rails_projects/store/app/helpers/application_helper.rb:8: unterminated string meets end of file
/home/t-virus/vagrant/rails_projects/store/app/helpers/application_helper.rb:8: syntax error, unexpected end-of-input, expecting ')'):
  app/helpers/application_helper.rb:8: unterminated string meets end of file
  app/helpers/application_helper.rb:8: syntax error, unexpected end-of-input, expecting ')'
  app/controllers/application_controller.rb:1:in `<top (required)>'
  app/controllers/product_types_controller.rb:1:in `<top (required)>'


  Rendered /var/lib/gems/2.1.0/gems/actionpack-4.1.8/lib/action_dispatch/middleware/templates/rescues/_source.erb (0.7ms)
  Rendered /var/lib/gems/2.1.0/gems/actionpack-4.1.8/lib/action_dispatch/middleware/templates/rescues/_trace.html.erb (1.1ms)
  Rendered /var/lib/gems/2.1.0/gems/actionpack-4.1.8/lib/action_dispatch/middleware/templates/rescues/_request_and_response.html.erb (10.6ms)
  Rendered /var/lib/gems/2.1.0/gems/actionpack-4.1.8/lib/action_dispatch/middleware/templates/rescues/diagnostics.erb within rescues/layout (23.5ms)


Started GET "/product_types/new" for 127.0.0.1 at 2015-03-06 01:14:54 -0300
Processing by ProductTypesController#new as HTML
Completed 500 Internal Server Error in 3ms

NameError (undefined local variable or method `fields_attributes' for #<Class:0x000000055ddb58>):
  app/models/product_type.rb:2:in `<class:ProductType>'
  app/models/product_type.rb:1:in `<top (required)>'
  app/controllers/product_types_controller.rb:17:in `new'


  Rendered /var/lib/gems/2.1.0/gems/actionpack-4.1.8/lib/action_dispatch/middleware/templates/rescues/_source.erb (0.9ms)
  Rendered /var/lib/gems/2.1.0/gems/actionpack-4.1.8/lib/action_dispatch/middleware/templates/rescues/_trace.html.erb (1.0ms)
  Rendered /var/lib/gems/2.1.0/gems/actionpack-4.1.8/lib/action_dispatch/middleware/templates/rescues/_request_and_response.html.erb (0.8ms)
  Rendered /var/lib/gems/2.1.0/gems/actionpack-4.1.8/lib/action_dispatch/middleware/templates/rescues/diagnostics.erb within rescues/layout (12.5ms)


Started GET "/product_types/new" for 127.0.0.1 at 2015-03-06 01:16:10 -0300
Processing by ProductTypesController#new as HTML
Completed 500 Internal Server Error in 2ms

NoMethodError (undefined method `attr_accessible' for #<Class:0x000000051e1518>):
  app/models/product_type.rb:2:in `<class:ProductType>'
  app/models/product_type.rb:1:in `<top (required)>'
  app/controllers/product_types_controller.rb:17:in `new'


  Rendered /var/lib/gems/2.1.0/gems/actionpack-4.1.8/lib/action_dispatch/middleware/templates/rescues/_source.erb (0.7ms)
  Rendered /var/lib/gems/2.1.0/gems/actionpack-4.1.8/lib/action_dispatch/middleware/templates/rescues/_trace.html.erb (1.0ms)
  Rendered /var/lib/gems/2.1.0/gems/actionpack-4.1.8/lib/action_dispatch/middleware/templates/rescues/_request_and_response.html.erb (0.7ms)
  Rendered /var/lib/gems/2.1.0/gems/actionpack-4.1.8/lib/action_dispatch/middleware/templates/rescues/diagnostics.erb within rescues/layout (11.7ms)


Started GET "/product_types/new" for 127.0.0.1 at 2015-03-06 01:19:26 -0300
Processing by ProductTypesController#new as HTML
  Rendered product_types/_form.html.erb (175.7ms)
  Rendered product_types/new.html.erb within layouts/application (183.5ms)
Completed 500 Internal Server Error in 240ms

ActionView::Template::Error (undefined local variable or method `f' for #<#<Class:0x00000004d45680>:0x00000004d44500>):
    20:     <%= f.fields_for :fields do |builder| %>
    21: 	<%= render 'field_fields', f: builder %>
    22:     <% end %>
    23: 	<%= link_to_add_fields "Add Field", f, :fields%>
    24: 
    25: 
    26: 
  app/helpers/application_helper.rb:3:in `link_to_add_fields'
  app/views/product_types/_form.html.erb:23:in `block in _app_views_product_types__form_html_erb___3872914382244574088_40373680'
  app/views/product_types/_form.html.erb:1:in `_app_views_product_types__form_html_erb___3872914382244574088_40373680'
  app/views/product_types/new.html.erb:3:in `_app_views_product_types_new_html_erb__909680913379171325_40497980'


  Rendered /var/lib/gems/2.1.0/gems/actionpack-4.1.8/lib/action_dispatch/middleware/templates/rescues/_trace.html.erb (1.3ms)
  Rendered /var/lib/gems/2.1.0/gems/actionpack-4.1.8/lib/action_dispatch/middleware/templates/rescues/_request_and_response.html.erb (0.8ms)
  Rendered /var/lib/gems/2.1.0/gems/actionpack-4.1.8/lib/action_dispatch/middleware/templates/rescues/template_error.html.erb within rescues/layout (9.9ms)


Started GET "/product_types/new" for 127.0.0.1 at 2015-03-06 01:22:19 -0300
Processing by ProductTypesController#new as HTML
  Rendered product_types/_form.html.erb (1.4ms)
  Rendered product_types/new.html.erb within layouts/application (2.5ms)
Completed 500 Internal Server Error in 6ms

SyntaxError (/home/t-virus/vagrant/rails_projects/store/app/views/product_types/_form.html.erb:23: syntax error, unexpected ':', expecting ')'
..._to_add_fields "Add Field", f :fields);@output_buffer.safe_a...
...                               ^):
  app/views/product_types/_form.html.erb:23: syntax error, unexpected ':', expecting ')'
  app/views/product_types/new.html.erb:3:in `_app_views_product_types_new_html_erb__909680913379171325_40497980'


  Rendered /var/lib/gems/2.1.0/gems/actionpack-4.1.8/lib/action_dispatch/middleware/templates/rescues/_source.erb (0.9ms)
  Rendered /var/lib/gems/2.1.0/gems/actionpack-4.1.8/lib/action_dispatch/middleware/templates/rescues/_trace.html.erb (2.0ms)
  Rendered /var/lib/gems/2.1.0/gems/actionpack-4.1.8/lib/action_dispatch/middleware/templates/rescues/_request_and_response.html.erb (0.9ms)
  Rendered /var/lib/gems/2.1.0/gems/actionpack-4.1.8/lib/action_dispatch/middleware/templates/rescues/diagnostics.erb within rescues/layout (17.3ms)


Started GET "/product_types/new" for 127.0.0.1 at 2015-03-06 01:22:33 -0300
Processing by ProductTypesController#new as HTML
  Rendered product_types/_form.html.erb (12.3ms)
  Rendered product_types/new.html.erb within layouts/application (13.2ms)
Completed 500 Internal Server Error in 16ms

ActionView::Template::Error (undefined local variable or method `f' for #<#<Class:0x00000004d45680>:0x000000026449a0>):
    20:     <%= f.fields_for :fields do |builder| %>
    21: 	<%= render 'field_fields', f: builder %>
    22:     <% end %>
    23: 	<%= link_to_add_fields "Add Field", f, :fields%>
    24: 
    25: 
    26: 
  app/helpers/application_helper.rb:3:in `link_to_add_fields'
  app/views/product_types/_form.html.erb:23:in `block in _app_views_product_types__form_html_erb___3872914382244574088_19918440'
  app/views/product_types/_form.html.erb:1:in `_app_views_product_types__form_html_erb___3872914382244574088_19918440'
  app/views/product_types/new.html.erb:3:in `_app_views_product_types_new_html_erb__909680913379171325_40497980'


  Rendered /var/lib/gems/2.1.0/gems/actionpack-4.1.8/lib/action_dispatch/middleware/templates/rescues/_trace.html.erb (1.0ms)
  Rendered /var/lib/gems/2.1.0/gems/actionpack-4.1.8/lib/action_dispatch/middleware/templates/rescues/_request_and_response.html.erb (0.8ms)
  Rendered /var/lib/gems/2.1.0/gems/actionpack-4.1.8/lib/action_dispatch/middleware/templates/rescues/template_error.html.erb within rescues/layout (8.6ms)


Started GET "/product_types/new" for 127.0.0.1 at 2015-03-06 01:27:00 -0300
Processing by ProductTypesController#new as HTML
  Rendered product_types/_form.html.erb (1.1ms)
  Rendered product_types/new.html.erb within layouts/application (2.4ms)
Completed 500 Internal Server Error in 4ms

SyntaxError (/home/t-virus/vagrant/rails_projects/store/app/views/product_types/_form.html.erb:23: syntax error, unexpected '>'
/home/t-virus/vagrant/rails_projects/store/app/views/product_types/_form.html.erb:28: syntax error, unexpected '<'
    <%= f.submit );@output_buffer.safe_append='
     ^
/home/t-virus/vagrant/rails_projects/store/app/views/product_types/_form.html.erb:30: syntax error, unexpected keyword_end, expecting ')'
'.freeze; end 
             ^
/home/t-virus/vagrant/rails_projects/store/app/views/product_types/_form.html.erb:32: syntax error, unexpected keyword_ensure, expecting ')'
/home/t-virus/vagrant/rails_projects/store/app/views/product_types/_form.html.erb:34: syntax error, unexpected keyword_end, expecting ')'):
  app/views/product_types/_form.html.erb:23: syntax error, unexpected '>'
  app/views/product_types/_form.html.erb:28: syntax error, unexpected '<'
  app/views/product_types/_form.html.erb:30: syntax error, unexpected keyword_end, expecting ')'
  app/views/product_types/_form.html.erb:32: syntax error, unexpected keyword_ensure, expecting ')'
  app/views/product_types/_form.html.erb:34: syntax error, unexpected keyword_end, expecting ')'
  app/views/product_types/new.html.erb:3:in `_app_views_product_types_new_html_erb__909680913379171325_40497980'


  Rendered /var/lib/gems/2.1.0/gems/actionpack-4.1.8/lib/action_dispatch/middleware/templates/rescues/_source.erb (0.7ms)
  Rendered /var/lib/gems/2.1.0/gems/actionpack-4.1.8/lib/action_dispatch/middleware/templates/rescues/_trace.html.erb (1.4ms)
  Rendered /var/lib/gems/2.1.0/gems/actionpack-4.1.8/lib/action_dispatch/middleware/templates/rescues/_request_and_response.html.erb (0.8ms)
  Rendered /var/lib/gems/2.1.0/gems/actionpack-4.1.8/lib/action_dispatch/middleware/templates/rescues/diagnostics.erb within rescues/layout (13.1ms)


Started GET "/product_types/new" for 127.0.0.1 at 2015-03-06 01:28:13 -0300
Processing by ProductTypesController#new as HTML
  Rendered product_types/_form.html.erb (15.4ms)
  Rendered product_types/new.html.erb within layouts/application (16.6ms)
Completed 500 Internal Server Error in 20ms

ActionView::Template::Error (undefined local variable or method `f' for #<#<Class:0x00000004d45680>:0x0000000525d348>):
    20:     <%= f.fields_for :fields do |builder| %>
    21: 	<%= render 'field_fields', f: builder %>
    22:     <% end %>
    23: 	<%= link_to_add_fields "Add Field", f, :fields %>
    24: 
    25: 
    26: 
  app/helpers/application_helper.rb:3:in `link_to_add_fields'
  app/views/product_types/_form.html.erb:23:in `block in _app_views_product_types__form_html_erb___3872914382244574088_43137080'
  app/views/product_types/_form.html.erb:1:in `_app_views_product_types__form_html_erb___3872914382244574088_43137080'
  app/views/product_types/new.html.erb:3:in `_app_views_product_types_new_html_erb__909680913379171325_40497980'


  Rendered /var/lib/gems/2.1.0/gems/actionpack-4.1.8/lib/action_dispatch/middleware/templates/rescues/_trace.html.erb (1.1ms)
  Rendered /var/lib/gems/2.1.0/gems/actionpack-4.1.8/lib/action_dispatch/middleware/templates/rescues/_request_and_response.html.erb (0.7ms)
  Rendered /var/lib/gems/2.1.0/gems/actionpack-4.1.8/lib/action_dispatch/middleware/templates/rescues/template_error.html.erb within rescues/layout (11.1ms)


Started GET "/product_types/new" for 127.0.0.1 at 2015-03-06 01:30:18 -0300
Processing by ProductTypesController#new as HTML
  Rendered product_types/_form.html.erb (9.6ms)
  Rendered product_types/new.html.erb within layouts/application (10.2ms)
Completed 500 Internal Server Error in 12ms

ActionView::Template::Error (undefined local variable or method `f' for #<#<Class:0x00000004d45680>:0x00000004ea7910>):
    20:     <%= f.fields_for :fields do |builder| %>
    21: 	<%= render 'field_fields', f: builder %>
    22:     <% end %>
    23: 	<%= link_to_add_fields "Add Field", f, :fields %>
    24: 
    25: 
    26: 
  app/helpers/application_helper.rb:3:in `link_to_add_fields'
  app/views/product_types/_form.html.erb:23:in `block in _app_views_product_types__form_html_erb___3872914382244574088_41223060'
  app/views/product_types/_form.html.erb:1:in `_app_views_product_types__form_html_erb___3872914382244574088_41223060'
  app/views/product_types/new.html.erb:3:in `_app_views_product_types_new_html_erb__909680913379171325_40497980'


  Rendered /var/lib/gems/2.1.0/gems/actionpack-4.1.8/lib/action_dispatch/middleware/templates/rescues/_trace.html.erb (1.2ms)
  Rendered /var/lib/gems/2.1.0/gems/actionpack-4.1.8/lib/action_dispatch/middleware/templates/rescues/_request_and_response.html.erb (0.9ms)
  Rendered /var/lib/gems/2.1.0/gems/actionpack-4.1.8/lib/action_dispatch/middleware/templates/rescues/template_error.html.erb within rescues/layout (9.4ms)


Started GET "/product_types/new" for 127.0.0.1 at 2015-03-06 01:32:04 -0300
Processing by ProductTypesController#new as HTML
  Rendered product_types/_form.html.erb (8.3ms)
  Rendered product_types/new.html.erb within layouts/application (8.9ms)
Completed 500 Internal Server Error in 11ms

ActionView::Template::Error (undefined local variable or method `f' for #<#<Class:0x00000004d45680>:0x00000004b620c0>):
    20:     <%= f.fields_for :fields do |builder| %>
    21: 	<%= render 'field_fields', f: builder %>
    22:     <% end %>
    23:     <%= link_to_add_fields "Add Field", f, :fields %>
    24: 
    25: 
    26: 
  app/helpers/application_helper.rb:3:in `link_to_add_fields'
  app/views/product_types/_form.html.erb:23:in `block in _app_views_product_types__form_html_erb___3872914382244574088_39489660'
  app/views/product_types/_form.html.erb:1:in `_app_views_product_types__form_html_erb___3872914382244574088_39489660'
  app/views/product_types/new.html.erb:3:in `_app_views_product_types_new_html_erb__909680913379171325_40497980'


  Rendered /var/lib/gems/2.1.0/gems/actionpack-4.1.8/lib/action_dispatch/middleware/templates/rescues/_trace.html.erb (1.3ms)
  Rendered /var/lib/gems/2.1.0/gems/actionpack-4.1.8/lib/action_dispatch/middleware/templates/rescues/_request_and_response.html.erb (0.9ms)
  Rendered /var/lib/gems/2.1.0/gems/actionpack-4.1.8/lib/action_dispatch/middleware/templates/rescues/template_error.html.erb within rescues/layout (9.7ms)


Started GET "/product_types/new" for 127.0.0.1 at 2015-03-06 01:32:08 -0300
Processing by ProductTypesController#new as HTML
  Rendered product_types/_form.html.erb (8.4ms)
  Rendered product_types/new.html.erb within layouts/application (9.1ms)
Completed 500 Internal Server Error in 11ms

ActionView::Template::Error (undefined local variable or method `f' for #<#<Class:0x00000004d45680>:0x000000032d5a20>):
    20:     <%= f.fields_for :fields do |builder| %>
    21: 	<%= render 'field_fields', f: builder %>
    22:     <% end %>
    23:     <%= link_to_add_fields "Add Field", f, :fields %>
    24: 
    25: 
    26: 
  app/helpers/application_helper.rb:3:in `link_to_add_fields'
  app/views/product_types/_form.html.erb:23:in `block in _app_views_product_types__form_html_erb___3872914382244574088_39489660'
  app/views/product_types/_form.html.erb:1:in `_app_views_product_types__form_html_erb___3872914382244574088_39489660'
  app/views/product_types/new.html.erb:3:in `_app_views_product_types_new_html_erb__909680913379171325_40497980'


  Rendered /var/lib/gems/2.1.0/gems/actionpack-4.1.8/lib/action_dispatch/middleware/templates/rescues/_trace.html.erb (1.3ms)
  Rendered /var/lib/gems/2.1.0/gems/actionpack-4.1.8/lib/action_dispatch/middleware/templates/rescues/_request_and_response.html.erb (0.8ms)
  Rendered /var/lib/gems/2.1.0/gems/actionpack-4.1.8/lib/action_dispatch/middleware/templates/rescues/template_error.html.erb within rescues/layout (10.3ms)


Started GET "/product_types/new" for 127.0.0.1 at 2015-03-06 01:32:09 -0300
Processing by ProductTypesController#new as HTML
  Rendered product_types/_form.html.erb (9.1ms)
  Rendered product_types/new.html.erb within layouts/application (10.1ms)
Completed 500 Internal Server Error in 12ms

ActionView::Template::Error (undefined local variable or method `f' for #<#<Class:0x00000004d45680>:0x000000037d4bc0>):
    20:     <%= f.fields_for :fields do |builder| %>
    21: 	<%= render 'field_fields', f: builder %>
    22:     <% end %>
    23:     <%= link_to_add_fields "Add Field", f, :fields %>
    24: 
    25: 
    26: 
  app/helpers/application_helper.rb:3:in `link_to_add_fields'
  app/views/product_types/_form.html.erb:23:in `block in _app_views_product_types__form_html_erb___3872914382244574088_39489660'
  app/views/product_types/_form.html.erb:1:in `_app_views_product_types__form_html_erb___3872914382244574088_39489660'
  app/views/product_types/new.html.erb:3:in `_app_views_product_types_new_html_erb__909680913379171325_40497980'


  Rendered /var/lib/gems/2.1.0/gems/actionpack-4.1.8/lib/action_dispatch/middleware/templates/rescues/_trace.html.erb (1.5ms)
  Rendered /var/lib/gems/2.1.0/gems/actionpack-4.1.8/lib/action_dispatch/middleware/templates/rescues/_request_and_response.html.erb (0.8ms)
  Rendered /var/lib/gems/2.1.0/gems/actionpack-4.1.8/lib/action_dispatch/middleware/templates/rescues/template_error.html.erb within rescues/layout (10.1ms)


Started GET "/product_types/new" for 127.0.0.1 at 2015-03-06 01:32:09 -0300
Processing by ProductTypesController#new as HTML
  Rendered product_types/_form.html.erb (7.5ms)
  Rendered product_types/new.html.erb within layouts/application (8.2ms)
Completed 500 Internal Server Error in 12ms

ActionView::Template::Error (undefined local variable or method `f' for #<#<Class:0x00000004d45680>:0x00000001ce5148>):
    20:     <%= f.fields_for :fields do |builder| %>
    21: 	<%= render 'field_fields', f: builder %>
    22:     <% end %>
    23:     <%= link_to_add_fields "Add Field", f, :fields %>
    24: 
    25: 
    26: 
  app/helpers/application_helper.rb:3:in `link_to_add_fields'
  app/views/product_types/_form.html.erb:23:in `block in _app_views_product_types__form_html_erb___3872914382244574088_39489660'
  app/views/product_types/_form.html.erb:1:in `_app_views_product_types__form_html_erb___3872914382244574088_39489660'
  app/views/product_types/new.html.erb:3:in `_app_views_product_types_new_html_erb__909680913379171325_40497980'


  Rendered /var/lib/gems/2.1.0/gems/actionpack-4.1.8/lib/action_dispatch/middleware/templates/rescues/_trace.html.erb (1.1ms)
  Rendered /var/lib/gems/2.1.0/gems/actionpack-4.1.8/lib/action_dispatch/middleware/templates/rescues/_request_and_response.html.erb (0.7ms)
  Rendered /var/lib/gems/2.1.0/gems/actionpack-4.1.8/lib/action_dispatch/middleware/templates/rescues/template_error.html.erb within rescues/layout (8.9ms)


Started GET "/product_types/new" for 127.0.0.1 at 2015-03-06 01:32:10 -0300
Processing by ProductTypesController#new as HTML
  Rendered product_types/_form.html.erb (7.8ms)
  Rendered product_types/new.html.erb within layouts/application (8.4ms)
Completed 500 Internal Server Error in 11ms

ActionView::Template::Error (undefined local variable or method `f' for #<#<Class:0x00000004d45680>:0x000000055858b8>):
    20:     <%= f.fields_for :fields do |builder| %>
    21: 	<%= render 'field_fields', f: builder %>
    22:     <% end %>
    23:     <%= link_to_add_fields "Add Field", f, :fields %>
    24: 
    25: 
    26: 
  app/helpers/application_helper.rb:3:in `link_to_add_fields'
  app/views/product_types/_form.html.erb:23:in `block in _app_views_product_types__form_html_erb___3872914382244574088_39489660'
  app/views/product_types/_form.html.erb:1:in `_app_views_product_types__form_html_erb___3872914382244574088_39489660'
  app/views/product_types/new.html.erb:3:in `_app_views_product_types_new_html_erb__909680913379171325_40497980'


  Rendered /var/lib/gems/2.1.0/gems/actionpack-4.1.8/lib/action_dispatch/middleware/templates/rescues/_trace.html.erb (1.1ms)
  Rendered /var/lib/gems/2.1.0/gems/actionpack-4.1.8/lib/action_dispatch/middleware/templates/rescues/_request_and_response.html.erb (0.9ms)
  Rendered /var/lib/gems/2.1.0/gems/actionpack-4.1.8/lib/action_dispatch/middleware/templates/rescues/template_error.html.erb within rescues/layout (9.3ms)
