  [1m[36m (136.2ms)[0m  [1mCREATE TABLE "schema_migrations" ("version" varchar(255) NOT NULL) [0m
  [1m[35m (0.1ms)[0m  select sqlite_version(*)
  [1m[36m (144.2ms)[0m  [1mCREATE UNIQUE INDEX "unique_schema_migrations" ON "schema_migrations" ("version")[0m
  [1m[35mActiveRecord::SchemaMigration Load (0.2ms)[0m  SELECT "schema_migrations".* FROM "schema_migrations"
Migrating to CreateEvents (20140518154329)
  [1m[36m (0.1ms)[0m  [1mbegin transaction[0m
  [1m[35m (1.0ms)[0m  CREATE TABLE "events" ("id" INTEGER PRIMARY KEY AUTOINCREMENT NOT NULL, "name" varchar(255), "start_time" datetime, "created_at" datetime, "updated_at" datetime) 
  [1m[36mSQL (0.7ms)[0m  [1mINSERT INTO "schema_migrations" ("version") VALUES (?)[0m  [["version", "20140518154329"]]
  [1m[35m (103.8ms)[0m  commit transaction
  [1m[36mActiveRecord::SchemaMigration Load (0.1ms)[0m  [1mSELECT "schema_migrations".* FROM "schema_migrations"[0m


Started GET "/" for 127.0.0.1 at 2015-03-06 09:40:54 -0300
  [1m[36mActiveRecord::SchemaMigration Load (0.1ms)[0m  [1mSELECT "schema_migrations".* FROM "schema_migrations"[0m
Processing by EventsController#index as HTML
  [1m[35m (0.1ms)[0m  SELECT COUNT(*) FROM "events"
  [1m[36mCACHE (0.0ms)[0m  [1mSELECT COUNT(*) FROM "events"[0m
  [1m[35mCACHE (0.0ms)[0m  SELECT COUNT(*) FROM "events"
  [1m[36mCACHE (0.0ms)[0m  [1mSELECT COUNT(*) FROM "events"[0m
  [1m[35mCACHE (0.0ms)[0m  SELECT COUNT(*) FROM "events"
  [1m[36mCACHE (0.0ms)[0m  [1mSELECT COUNT(*) FROM "events"[0m
  [1m[35mCACHE (0.0ms)[0m  SELECT COUNT(*) FROM "events"
  [1m[36mCACHE (0.0ms)[0m  [1mSELECT COUNT(*) FROM "events"[0m
  [1m[35mCACHE (0.0ms)[0m  SELECT COUNT(*) FROM "events"
  [1m[36mCACHE (0.0ms)[0m  [1mSELECT COUNT(*) FROM "events"[0m
  [1m[35mCACHE (0.0ms)[0m  SELECT COUNT(*) FROM "events"
  [1m[36mCACHE (0.0ms)[0m  [1mSELECT COUNT(*) FROM "events"[0m
  [1m[35mCACHE (0.0ms)[0m  SELECT COUNT(*) FROM "events"
  [1m[36mCACHE (0.0ms)[0m  [1mSELECT COUNT(*) FROM "events"[0m
  [1m[35mCACHE (0.0ms)[0m  SELECT COUNT(*) FROM "events"
  [1m[36mCACHE (0.0ms)[0m  [1mSELECT COUNT(*) FROM "events"[0m
  [1m[35mCACHE (0.0ms)[0m  SELECT COUNT(*) FROM "events"
  [1m[36mCACHE (0.0ms)[0m  [1mSELECT COUNT(*) FROM "events"[0m
  [1m[35mCACHE (0.0ms)[0m  SELECT COUNT(*) FROM "events"
  [1m[36mCACHE (0.0ms)[0m  [1mSELECT COUNT(*) FROM "events"[0m
  [1m[35mCACHE (0.0ms)[0m  SELECT COUNT(*) FROM "events"
  [1m[36mCACHE (0.0ms)[0m  [1mSELECT COUNT(*) FROM "events"[0m
  [1m[35mCACHE (0.0ms)[0m  SELECT COUNT(*) FROM "events"
  [1m[36mCACHE (0.0ms)[0m  [1mSELECT COUNT(*) FROM "events"[0m
  [1m[35mCACHE (0.0ms)[0m  SELECT COUNT(*) FROM "events"
  [1m[36mCACHE (0.0ms)[0m  [1mSELECT COUNT(*) FROM "events"[0m
  [1m[35mCACHE (0.0ms)[0m  SELECT COUNT(*) FROM "events"
  [1m[36mCACHE (0.0ms)[0m  [1mSELECT COUNT(*) FROM "events"[0m
  [1m[35mCACHE (0.0ms)[0m  SELECT COUNT(*) FROM "events"
  [1m[36mCACHE (0.0ms)[0m  [1mSELECT COUNT(*) FROM "events"[0m
  [1m[35mCACHE (0.0ms)[0m  SELECT COUNT(*) FROM "events"
  [1m[36mCACHE (0.0ms)[0m  [1mSELECT COUNT(*) FROM "events"[0m
  [1m[35mCACHE (0.0ms)[0m  SELECT COUNT(*) FROM "events"
  [1m[36mCACHE (0.1ms)[0m  [1mSELECT COUNT(*) FROM "events"[0m
  [1m[35mCACHE (0.0ms)[0m  SELECT COUNT(*) FROM "events"
  [1m[36mCACHE (0.0ms)[0m  [1mSELECT COUNT(*) FROM "events"[0m
  [1m[35mCACHE (0.0ms)[0m  SELECT COUNT(*) FROM "events"
  [1m[36mCACHE (0.0ms)[0m  [1mSELECT COUNT(*) FROM "events"[0m
  [1m[35mCACHE (0.0ms)[0m  SELECT COUNT(*) FROM "events"
  [1m[36mCACHE (0.0ms)[0m  [1mSELECT COUNT(*) FROM "events"[0m
  [1m[35mCACHE (0.0ms)[0m  SELECT COUNT(*) FROM "events"
  [1m[36mCACHE (0.0ms)[0m  [1mSELECT COUNT(*) FROM "events"[0m
  Rendered events/_calendar.html.erb (21.4ms)
  [1m[35mEvent Load (0.1ms)[0m  SELECT "events".* FROM "events"
  Rendered events/index.html.erb within layouts/application (25.4ms)
Completed 200 OK in 628ms (Views: 617.2ms | ActiveRecord: 1.0ms)


Started GET "/assets/events.css?body=1" for 127.0.0.1 at 2015-03-06 09:40:55 -0300


Started GET "/assets/scaffolds.css?body=1" for 127.0.0.1 at 2015-03-06 09:40:55 -0300


Started GET "/assets/application.css?body=1" for 127.0.0.1 at 2015-03-06 09:40:55 -0300


Started GET "/assets/events.js?body=1" for 127.0.0.1 at 2015-03-06 09:40:55 -0300


Started GET "/assets/jquery.js?body=1" for 127.0.0.1 at 2015-03-06 09:40:55 -0300


Started GET "/assets/turbolinks.js?body=1" for 127.0.0.1 at 2015-03-06 09:40:55 -0300


Started GET "/assets/jquery_ujs.js?body=1" for 127.0.0.1 at 2015-03-06 09:40:55 -0300


Started GET "/assets/application.js?body=1" for 127.0.0.1 at 2015-03-06 09:40:55 -0300


Started GET "/events/new" for 127.0.0.1 at 2015-03-06 09:41:05 -0300
Processing by EventsController#new as HTML
  Rendered events/_form.html.erb (25.0ms)
  Rendered events/new.html.erb within layouts/application (27.3ms)
Completed 200 OK in 36ms (Views: 34.5ms | ActiveRecord: 0.0ms)


Started POST "/events" for 127.0.0.1 at 2015-03-06 09:41:08 -0300
Processing by EventsController#create as HTML
  Parameters: {"utf8"=>"✓", "authenticity_token"=>"gDl61sS1p7w1052SJFJ9N3KNQTvtkv0zIpFB2+6XE9Q=", "event"=>{"name"=>"ssadasdasd", "start_time(1i)"=>"2015", "start_time(2i)"=>"3", "start_time(3i)"=>"6", "start_time(4i)"=>"12", "start_time(5i)"=>"41"}, "commit"=>"Create Event"}
  [1m[36m (0.1ms)[0m  [1mbegin transaction[0m
  [1m[35mSQL (0.3ms)[0m  INSERT INTO "events" ("created_at", "name", "start_time", "updated_at") VALUES (?, ?, ?, ?)  [["created_at", "2015-03-06 12:41:08.791410"], ["name", "ssadasdasd"], ["start_time", "2015-03-06 12:41:00.000000"], ["updated_at", "2015-03-06 12:41:08.791410"]]
  [1m[36m (269.4ms)[0m  [1mcommit transaction[0m
Redirected to http://localhost:3000/events/1
Completed 302 Found in 275ms (ActiveRecord: 269.9ms)


Started GET "/events/1" for 127.0.0.1 at 2015-03-06 09:41:09 -0300
Processing by EventsController#show as HTML
  Parameters: {"id"=>"1"}
  [1m[35mEvent Load (0.2ms)[0m  SELECT  "events".* FROM "events"  WHERE "events"."id" = ? LIMIT 1  [["id", 1]]
  Rendered events/show.html.erb within layouts/application (0.9ms)
Completed 200 OK in 7ms (Views: 4.6ms | ActiveRecord: 0.2ms)


Started GET "/assets/jquery_ujs.js?body=1" for 127.0.0.1 at 2015-03-06 09:41:09 -0300


Started GET "/assets/application.js?body=1" for 127.0.0.1 at 2015-03-06 09:41:09 -0300


Started GET "/assets/jquery.js?body=1" for 127.0.0.1 at 2015-03-06 09:41:09 -0300


Started GET "/assets/events.js?body=1" for 127.0.0.1 at 2015-03-06 09:41:09 -0300


Started GET "/assets/turbolinks.js?body=1" for 127.0.0.1 at 2015-03-06 09:41:09 -0300


Started GET "/events" for 127.0.0.1 at 2015-03-06 09:41:11 -0300
Processing by EventsController#index as HTML
  [1m[36m (0.3ms)[0m  [1mSELECT COUNT(*) FROM "events"[0m
  [1m[35mEvent Load (0.3ms)[0m  SELECT  "events".* FROM "events"   ORDER BY "events"."id" ASC LIMIT 1
  [1m[36mCACHE (0.0ms)[0m  [1mSELECT COUNT(*) FROM "events"[0m
  [1m[35mCACHE (0.1ms)[0m  SELECT COUNT(*) FROM "events"
  [1m[36mCACHE (0.1ms)[0m  [1mSELECT COUNT(*) FROM "events"[0m
  [1m[35mCACHE (0.0ms)[0m  SELECT COUNT(*) FROM "events"
  [1m[36mCACHE (0.1ms)[0m  [1mSELECT COUNT(*) FROM "events"[0m
  [1m[35mCACHE (0.0ms)[0m  SELECT COUNT(*) FROM "events"
  [1m[36mCACHE (0.0ms)[0m  [1mSELECT COUNT(*) FROM "events"[0m
  [1m[35mCACHE (0.0ms)[0m  SELECT COUNT(*) FROM "events"
  [1m[36mCACHE (0.0ms)[0m  [1mSELECT COUNT(*) FROM "events"[0m
  [1m[35mCACHE (0.0ms)[0m  SELECT COUNT(*) FROM "events"
  [1m[36mCACHE (0.0ms)[0m  [1mSELECT COUNT(*) FROM "events"[0m
  [1m[35mCACHE (0.0ms)[0m  SELECT COUNT(*) FROM "events"
  [1m[36mCACHE (0.0ms)[0m  [1mSELECT COUNT(*) FROM "events"[0m
  [1m[35mCACHE (0.1ms)[0m  SELECT COUNT(*) FROM "events"
  [1m[36mCACHE (0.0ms)[0m  [1mSELECT COUNT(*) FROM "events"[0m
  [1m[35mCACHE (0.0ms)[0m  SELECT COUNT(*) FROM "events"
  [1m[36mCACHE (0.1ms)[0m  [1mSELECT COUNT(*) FROM "events"[0m
  [1m[35mCACHE (0.0ms)[0m  SELECT COUNT(*) FROM "events"
  [1m[36mCACHE (0.0ms)[0m  [1mSELECT COUNT(*) FROM "events"[0m
  [1m[35mCACHE (0.0ms)[0m  SELECT COUNT(*) FROM "events"
  [1m[36mCACHE (0.0ms)[0m  [1mSELECT COUNT(*) FROM "events"[0m
  [1m[35mCACHE (0.0ms)[0m  SELECT COUNT(*) FROM "events"
  [1m[36mCACHE (0.0ms)[0m  [1mSELECT COUNT(*) FROM "events"[0m
  [1m[35mCACHE (0.0ms)[0m  SELECT COUNT(*) FROM "events"
  [1m[36mCACHE (0.0ms)[0m  [1mSELECT COUNT(*) FROM "events"[0m
  [1m[35mCACHE (0.0ms)[0m  SELECT COUNT(*) FROM "events"
  [1m[36mCACHE (0.0ms)[0m  [1mSELECT COUNT(*) FROM "events"[0m
  [1m[35mCACHE (0.0ms)[0m  SELECT COUNT(*) FROM "events"
  [1m[36mCACHE (0.0ms)[0m  [1mSELECT COUNT(*) FROM "events"[0m
  [1m[35mCACHE (0.0ms)[0m  SELECT COUNT(*) FROM "events"
  [1m[36mCACHE (0.0ms)[0m  [1mSELECT COUNT(*) FROM "events"[0m
  [1m[35mCACHE (0.0ms)[0m  SELECT COUNT(*) FROM "events"
  [1m[36mCACHE (0.0ms)[0m  [1mSELECT COUNT(*) FROM "events"[0m
  [1m[35mCACHE (0.0ms)[0m  SELECT COUNT(*) FROM "events"
  [1m[36mCACHE (0.0ms)[0m  [1mSELECT COUNT(*) FROM "events"[0m
  [1m[35mCACHE (0.1ms)[0m  SELECT COUNT(*) FROM "events"
  [1m[36mCACHE (0.0ms)[0m  [1mSELECT COUNT(*) FROM "events"[0m
  [1m[35mCACHE (0.0ms)[0m  SELECT COUNT(*) FROM "events"
  [1m[36mCACHE (0.0ms)[0m  [1mSELECT COUNT(*) FROM "events"[0m
  [1m[35mCACHE (0.0ms)[0m  SELECT COUNT(*) FROM "events"
  [1m[36mCACHE (0.0ms)[0m  [1mSELECT COUNT(*) FROM "events"[0m
  Rendered events/_calendar.html.erb (42.7ms)
  [1m[35mEvent Load (0.2ms)[0m  SELECT "events".* FROM "events"
  Rendered events/index.html.erb within layouts/application (48.1ms)
Completed 200 OK in 55ms (Views: 51.7ms | ActiveRecord: 2.0ms)


Started GET "/" for 127.0.0.1 at 2015-03-06 16:01:41 -0300
  [1m[36mActiveRecord::SchemaMigration Load (0.1ms)[0m  [1mSELECT "schema_migrations".* FROM "schema_migrations"[0m
Processing by EventsController#index as HTML
  [1m[35m (0.1ms)[0m  SELECT COUNT(*) FROM "events"
  [1m[36mEvent Load (0.1ms)[0m  [1mSELECT  "events".* FROM "events"   ORDER BY "events"."id" ASC LIMIT 1[0m
  [1m[35mCACHE (0.0ms)[0m  SELECT COUNT(*) FROM "events"
  [1m[36mCACHE (0.0ms)[0m  [1mSELECT COUNT(*) FROM "events"[0m
  [1m[35mCACHE (0.0ms)[0m  SELECT COUNT(*) FROM "events"
  [1m[36mCACHE (0.0ms)[0m  [1mSELECT COUNT(*) FROM "events"[0m
  [1m[35mCACHE (0.0ms)[0m  SELECT COUNT(*) FROM "events"
  [1m[36mCACHE (0.0ms)[0m  [1mSELECT COUNT(*) FROM "events"[0m
  [1m[35mCACHE (0.0ms)[0m  SELECT COUNT(*) FROM "events"
  [1m[36mCACHE (0.0ms)[0m  [1mSELECT COUNT(*) FROM "events"[0m
  [1m[35mCACHE (0.0ms)[0m  SELECT COUNT(*) FROM "events"
  [1m[36mCACHE (0.0ms)[0m  [1mSELECT COUNT(*) FROM "events"[0m
  [1m[35mCACHE (0.0ms)[0m  SELECT COUNT(*) FROM "events"
  [1m[36mCACHE (0.0ms)[0m  [1mSELECT COUNT(*) FROM "events"[0m
  [1m[35mCACHE (0.0ms)[0m  SELECT COUNT(*) FROM "events"
  [1m[36mCACHE (0.0ms)[0m  [1mSELECT COUNT(*) FROM "events"[0m
  [1m[35mCACHE (0.0ms)[0m  SELECT COUNT(*) FROM "events"
  [1m[36mCACHE (0.0ms)[0m  [1mSELECT COUNT(*) FROM "events"[0m
  [1m[35mCACHE (0.0ms)[0m  SELECT COUNT(*) FROM "events"
  [1m[36mCACHE (0.0ms)[0m  [1mSELECT COUNT(*) FROM "events"[0m
  [1m[35mCACHE (0.0ms)[0m  SELECT COUNT(*) FROM "events"
  [1m[36mCACHE (0.0ms)[0m  [1mSELECT COUNT(*) FROM "events"[0m
  [1m[35mCACHE (0.0ms)[0m  SELECT COUNT(*) FROM "events"
  [1m[36mCACHE (0.0ms)[0m  [1mSELECT COUNT(*) FROM "events"[0m
  [1m[35mCACHE (0.0ms)[0m  SELECT COUNT(*) FROM "events"
  [1m[36mCACHE (0.0ms)[0m  [1mSELECT COUNT(*) FROM "events"[0m
  [1m[35mCACHE (0.0ms)[0m  SELECT COUNT(*) FROM "events"
  [1m[36mCACHE (0.0ms)[0m  [1mSELECT COUNT(*) FROM "events"[0m
  [1m[35mCACHE (0.0ms)[0m  SELECT COUNT(*) FROM "events"
  [1m[36mCACHE (0.0ms)[0m  [1mSELECT COUNT(*) FROM "events"[0m
  [1m[35mCACHE (0.0ms)[0m  SELECT COUNT(*) FROM "events"
  [1m[36mCACHE (0.0ms)[0m  [1mSELECT COUNT(*) FROM "events"[0m
  [1m[35mCACHE (0.0ms)[0m  SELECT COUNT(*) FROM "events"
  [1m[36mCACHE (0.0ms)[0m  [1mSELECT COUNT(*) FROM "events"[0m
  [1m[35mCACHE (0.0ms)[0m  SELECT COUNT(*) FROM "events"
  [1m[36mCACHE (0.0ms)[0m  [1mSELECT COUNT(*) FROM "events"[0m
  [1m[35mCACHE (0.0ms)[0m  SELECT COUNT(*) FROM "events"
  [1m[36mCACHE (0.0ms)[0m  [1mSELECT COUNT(*) FROM "events"[0m
  [1m[35mCACHE (0.0ms)[0m  SELECT COUNT(*) FROM "events"
  [1m[36mCACHE (0.0ms)[0m  [1mSELECT COUNT(*) FROM "events"[0m
  [1m[35mCACHE (0.0ms)[0m  SELECT COUNT(*) FROM "events"
  [1m[36mCACHE (0.0ms)[0m  [1mSELECT COUNT(*) FROM "events"[0m
  [1m[35mCACHE (0.0ms)[0m  SELECT COUNT(*) FROM "events"
  Rendered events/_calendar.html.erb (59.3ms)
  [1m[36mEvent Load (0.2ms)[0m  [1mSELECT "events".* FROM "events"[0m
  Rendered events/index.html.erb within layouts/application (91.5ms)
Completed 200 OK in 415ms (Views: 395.8ms | ActiveRecord: 1.1ms)


Started GET "/assets/events.css?body=1" for 127.0.0.1 at 2015-03-06 16:01:43 -0300


Started GET "/assets/scaffolds.css?body=1" for 127.0.0.1 at 2015-03-06 16:01:43 -0300


Started GET "/assets/application.css?body=1" for 127.0.0.1 at 2015-03-06 16:01:43 -0300


Started GET "/assets/events.js?body=1" for 127.0.0.1 at 2015-03-06 16:01:43 -0300


Started GET "/assets/jquery_ujs.js?body=1" for 127.0.0.1 at 2015-03-06 16:01:43 -0300


Started GET "/assets/jquery.js?body=1" for 127.0.0.1 at 2015-03-06 16:01:43 -0300


Started GET "/assets/turbolinks.js?body=1" for 127.0.0.1 at 2015-03-06 16:01:43 -0300


Started GET "/assets/application.js?body=1" for 127.0.0.1 at 2015-03-06 16:01:43 -0300


Started GET "/events?start_date=2015-04-06" for 127.0.0.1 at 2015-03-06 16:01:50 -0300
Processing by EventsController#index as JS
  Parameters: {"start_date"=>"2015-04-06"}
  [1m[35m (0.2ms)[0m  SELECT COUNT(*) FROM "events"
  [1m[36mEvent Load (0.2ms)[0m  [1mSELECT  "events".* FROM "events"   ORDER BY "events"."id" ASC LIMIT 1[0m
  [1m[35mCACHE (0.0ms)[0m  SELECT COUNT(*) FROM "events"
  [1m[36mCACHE (0.0ms)[0m  [1mSELECT COUNT(*) FROM "events"[0m
  [1m[35mCACHE (0.0ms)[0m  SELECT COUNT(*) FROM "events"
  [1m[36mCACHE (0.0ms)[0m  [1mSELECT COUNT(*) FROM "events"[0m
  [1m[35mCACHE (0.0ms)[0m  SELECT COUNT(*) FROM "events"
  [1m[36mCACHE (0.0ms)[0m  [1mSELECT COUNT(*) FROM "events"[0m
  [1m[35mCACHE (0.0ms)[0m  SELECT COUNT(*) FROM "events"
  [1m[36mCACHE (0.0ms)[0m  [1mSELECT COUNT(*) FROM "events"[0m
  [1m[35mCACHE (0.0ms)[0m  SELECT COUNT(*) FROM "events"
  [1m[36mCACHE (0.0ms)[0m  [1mSELECT COUNT(*) FROM "events"[0m
  [1m[35mCACHE (0.0ms)[0m  SELECT COUNT(*) FROM "events"
  [1m[36mCACHE (0.0ms)[0m  [1mSELECT COUNT(*) FROM "events"[0m
  [1m[35mCACHE (0.0ms)[0m  SELECT COUNT(*) FROM "events"
  [1m[36mCACHE (0.0ms)[0m  [1mSELECT COUNT(*) FROM "events"[0m
  [1m[35mCACHE (0.0ms)[0m  SELECT COUNT(*) FROM "events"
  [1m[36mCACHE (0.0ms)[0m  [1mSELECT COUNT(*) FROM "events"[0m
  [1m[35mCACHE (0.0ms)[0m  SELECT COUNT(*) FROM "events"
  [1m[36mCACHE (0.0ms)[0m  [1mSELECT COUNT(*) FROM "events"[0m
  [1m[35mCACHE (0.0ms)[0m  SELECT COUNT(*) FROM "events"
  [1m[36mCACHE (0.0ms)[0m  [1mSELECT COUNT(*) FROM "events"[0m
  [1m[35mCACHE (0.0ms)[0m  SELECT COUNT(*) FROM "events"
  [1m[36mCACHE (0.0ms)[0m  [1mSELECT COUNT(*) FROM "events"[0m
  [1m[35mCACHE (0.0ms)[0m  SELECT COUNT(*) FROM "events"
  [1m[36mCACHE (0.0ms)[0m  [1mSELECT COUNT(*) FROM "events"[0m
  [1m[35mCACHE (0.0ms)[0m  SELECT COUNT(*) FROM "events"
  [1m[36mCACHE (0.0ms)[0m  [1mSELECT COUNT(*) FROM "events"[0m
  [1m[35mCACHE (0.0ms)[0m  SELECT COUNT(*) FROM "events"
  [1m[36mCACHE (0.0ms)[0m  [1mSELECT COUNT(*) FROM "events"[0m
  [1m[35mCACHE (0.0ms)[0m  SELECT COUNT(*) FROM "events"
  [1m[36mCACHE (0.0ms)[0m  [1mSELECT COUNT(*) FROM "events"[0m
  [1m[35mCACHE (0.0ms)[0m  SELECT COUNT(*) FROM "events"
  [1m[36mCACHE (0.0ms)[0m  [1mSELECT COUNT(*) FROM "events"[0m
  [1m[35mCACHE (0.0ms)[0m  SELECT COUNT(*) FROM "events"
  [1m[36mCACHE (0.0ms)[0m  [1mSELECT COUNT(*) FROM "events"[0m
  Rendered events/_calendar.html.erb (17.9ms)
  Rendered events/index.js.erb (26.0ms)
Completed 200 OK in 55ms (Views: 53.0ms | ActiveRecord: 0.8ms)


Started GET "/events?start_date=2015-03-29" for 127.0.0.1 at 2015-03-06 16:01:54 -0300
Processing by EventsController#index as JS
  Parameters: {"start_date"=>"2015-03-29"}
  [1m[35m (0.2ms)[0m  SELECT COUNT(*) FROM "events"
  [1m[36mEvent Load (0.2ms)[0m  [1mSELECT  "events".* FROM "events"   ORDER BY "events"."id" ASC LIMIT 1[0m
  [1m[35mCACHE (0.0ms)[0m  SELECT COUNT(*) FROM "events"
  [1m[36mCACHE (0.0ms)[0m  [1mSELECT COUNT(*) FROM "events"[0m
  [1m[35mCACHE (0.0ms)[0m  SELECT COUNT(*) FROM "events"
  [1m[36mCACHE (0.0ms)[0m  [1mSELECT COUNT(*) FROM "events"[0m
  [1m[35mCACHE (0.0ms)[0m  SELECT COUNT(*) FROM "events"
  [1m[36mCACHE (0.0ms)[0m  [1mSELECT COUNT(*) FROM "events"[0m
  [1m[35mCACHE (0.0ms)[0m  SELECT COUNT(*) FROM "events"
  [1m[36mCACHE (0.0ms)[0m  [1mSELECT COUNT(*) FROM "events"[0m
  [1m[35mCACHE (0.0ms)[0m  SELECT COUNT(*) FROM "events"
  [1m[36mCACHE (0.0ms)[0m  [1mSELECT COUNT(*) FROM "events"[0m
  [1m[35mCACHE (0.0ms)[0m  SELECT COUNT(*) FROM "events"
  [1m[36mCACHE (0.0ms)[0m  [1mSELECT COUNT(*) FROM "events"[0m
  [1m[35mCACHE (0.0ms)[0m  SELECT COUNT(*) FROM "events"
  [1m[36mCACHE (0.0ms)[0m  [1mSELECT COUNT(*) FROM "events"[0m
  [1m[35mCACHE (0.0ms)[0m  SELECT COUNT(*) FROM "events"
  [1m[36mCACHE (0.0ms)[0m  [1mSELECT COUNT(*) FROM "events"[0m
  [1m[35mCACHE (0.0ms)[0m  SELECT COUNT(*) FROM "events"
  [1m[36mCACHE (0.0ms)[0m  [1mSELECT COUNT(*) FROM "events"[0m
  [1m[35mCACHE (0.0ms)[0m  SELECT COUNT(*) FROM "events"
  [1m[36mCACHE (0.0ms)[0m  [1mSELECT COUNT(*) FROM "events"[0m
  [1m[35mCACHE (0.0ms)[0m  SELECT COUNT(*) FROM "events"
  [1m[36mCACHE (0.0ms)[0m  [1mSELECT COUNT(*) FROM "events"[0m
  [1m[35mCACHE (0.0ms)[0m  SELECT COUNT(*) FROM "events"
  [1m[36mCACHE (0.0ms)[0m  [1mSELECT COUNT(*) FROM "events"[0m
  [1m[35mCACHE (0.0ms)[0m  SELECT COUNT(*) FROM "events"
  [1m[36mCACHE (0.0ms)[0m  [1mSELECT COUNT(*) FROM "events"[0m
  [1m[35mCACHE (0.0ms)[0m  SELECT COUNT(*) FROM "events"
  [1m[36mCACHE (0.0ms)[0m  [1mSELECT COUNT(*) FROM "events"[0m
  [1m[35mCACHE (0.0ms)[0m  SELECT COUNT(*) FROM "events"
  [1m[36mCACHE (0.0ms)[0m  [1mSELECT COUNT(*) FROM "events"[0m
  [1m[35mCACHE (0.0ms)[0m  SELECT COUNT(*) FROM "events"
  [1m[36mCACHE (0.0ms)[0m  [1mSELECT COUNT(*) FROM "events"[0m
  [1m[35mCACHE (0.0ms)[0m  SELECT COUNT(*) FROM "events"
  [1m[36mCACHE (0.0ms)[0m  [1mSELECT COUNT(*) FROM "events"[0m
  [1m[35mCACHE (0.0ms)[0m  SELECT COUNT(*) FROM "events"
  [1m[36mCACHE (0.0ms)[0m  [1mSELECT COUNT(*) FROM "events"[0m
  [1m[35mCACHE (0.0ms)[0m  SELECT COUNT(*) FROM "events"
  [1m[36mCACHE (0.0ms)[0m  [1mSELECT COUNT(*) FROM "events"[0m
  [1m[35mCACHE (0.0ms)[0m  SELECT COUNT(*) FROM "events"
  [1m[36mCACHE (0.0ms)[0m  [1mSELECT COUNT(*) FROM "events"[0m
  [1m[35mCACHE (0.0ms)[0m  SELECT COUNT(*) FROM "events"
  Rendered events/_calendar.html.erb (21.2ms)
  Rendered events/index.js.erb (26.5ms)
Completed 200 OK in 36ms (Views: 34.0ms | ActiveRecord: 0.8ms)
